DEB [20161205-14:41:40.708] thr=1   paramiko.transport: starting thread (client mode): 0x33a1a90L
DEB [20161205-14:41:40.708] thr=1   paramiko.transport: Local version/idstring: SSH-2.0-paramiko_2.0.2
DEB [20161205-14:41:40.718] thr=1   paramiko.transport: Remote version/idstring: SSH-2.0-OpenSSH_6.6.1
INF [20161205-14:41:40.718] thr=1   paramiko.transport: Connected (version 2.0, client OpenSSH_6.6.1)
DEB [20161205-14:41:40.722] thr=1   paramiko.transport: kex algos:[u'curve25519-sha256@libssh.org', u'ecdh-sha2-nistp256', u'ecdh-sha2-nistp384', u'ecdh-sha2-nistp521', u'diffie-hellman-group-exchange-sha256', u'diffie-hellman-group-exchange-sha1', u'diffie-hellman-group14-sha1', u'diffie-hellman-group1-sha1'] server key:[u'ssh-rsa', u'ecdsa-sha2-nistp256', u'ssh-ed25519'] client encrypt:[u'aes128-ctr', u'aes192-ctr', u'aes256-ctr', u'arcfour256', u'arcfour128', u'aes128-gcm@openssh.com', u'aes256-gcm@openssh.com', u'chacha20-poly1305@openssh.com', u'aes128-cbc', u'3des-cbc', u'blowfish-cbc', u'cast128-cbc', u'aes192-cbc', u'aes256-cbc', u'arcfour', u'rijndael-cbc@lysator.liu.se'] server encrypt:[u'aes128-ctr', u'aes192-ctr', u'aes256-ctr', u'arcfour256', u'arcfour128', u'aes128-gcm@openssh.com', u'aes256-gcm@openssh.com', u'chacha20-poly1305@openssh.com', u'aes128-cbc', u'3des-cbc', u'blowfish-cbc', u'cast128-cbc', u'aes192-cbc', u'aes256-cbc', u'arcfour', u'rijndael-cbc@lysator.liu.se'] client mac:[u'hmac-md5-etm@openssh.com', u'hmac-sha1-etm@openssh.com', u'umac-64-etm@openssh.com', u'umac-128-etm@openssh.com', u'hmac-sha2-256-etm@openssh.com', u'hmac-sha2-512-etm@openssh.com', u'hmac-ripemd160-etm@openssh.com', u'hmac-sha1-96-etm@openssh.com', u'hmac-md5-96-etm@openssh.com', u'hmac-md5', u'hmac-sha1', u'umac-64@openssh.com', u'umac-128@openssh.com', u'hmac-sha2-256', u'hmac-sha2-512', u'hmac-ripemd160', u'hmac-ripemd160@openssh.com', u'hmac-sha1-96', u'hmac-md5-96'] server mac:[u'hmac-md5-etm@openssh.com', u'hmac-sha1-etm@openssh.com', u'umac-64-etm@openssh.com', u'umac-128-etm@openssh.com', u'hmac-sha2-256-etm@openssh.com', u'hmac-sha2-512-etm@openssh.com', u'hmac-ripemd160-etm@openssh.com', u'hmac-sha1-96-etm@openssh.com', u'hmac-md5-96-etm@openssh.com', u'hmac-md5', u'hmac-sha1', u'umac-64@openssh.com', u'umac-128@openssh.com', u'hmac-sha2-256', u'hmac-sha2-512', u'hmac-ripemd160', u'hmac-ripemd160@openssh.com', u'hmac-sha1-96', u'hmac-md5-96'] client compress:[u'none', u'zlib@openssh.com'] server compress:[u'none', u'zlib@openssh.com'] client lang:[u''] server lang:[u''] kex follows?False
DEB [20161205-14:41:40.722] thr=1   paramiko.transport: Kex agreed: diffie-hellman-group1-sha1
DEB [20161205-14:41:40.722] thr=1   paramiko.transport: Cipher agreed: aes128-ctr
DEB [20161205-14:41:40.722] thr=1   paramiko.transport: MAC agreed: hmac-sha2-256
DEB [20161205-14:41:40.722] thr=1   paramiko.transport: Compression agreed: none
DEB [20161205-14:41:40.886] thr=1   paramiko.transport: kex engine KexGroup1 specified hash_algo <built-in function openssl_sha1>
DEB [20161205-14:41:40.886] thr=1   paramiko.transport: Switch to new keys ...
DEB [20161205-14:41:40.918] thr=2   paramiko.transport: Adding ssh-rsa host key for 172.22.148.234: 333d5a4d935f06a9fbca46a89d605b8e
DEB [20161205-14:41:40.920] thr=2   paramiko.transport: Trying discovered key dc18384c6fe2185f571203fb3e808615 in /Users/TianhangSun/.ssh/id_rsa
DEB [20161205-14:41:40.930] thr=1   paramiko.transport: userauth is OK
INF [20161205-14:41:40.968] thr=1   paramiko.transport: Authentication (publickey) successful!
DEB [20161205-14:41:40.995] thr=2   paramiko.transport: [chan 0] Max packet in: 32768 bytes
DEB [20161205-14:41:41.065] thr=1   paramiko.transport: [chan 0] Max packet out: 32768 bytes
DEB [20161205-14:41:41.065] thr=1   paramiko.transport: Secsh channel 0 opened.
DEB [20161205-14:41:41.078] thr=1   paramiko.transport: [chan 0] Sesch channel 0 request ok
DEB [20161205-14:41:41.079] thr=2   paramiko.transport: [chan 1] Max packet in: 32768 bytes
DEB [20161205-14:41:41.082] thr=1   paramiko.transport: [chan 1] Max packet out: 32768 bytes
DEB [20161205-14:41:41.083] thr=1   paramiko.transport: Secsh channel 1 opened.
DEB [20161205-14:41:41.089] thr=1   paramiko.transport: [chan 0] EOF sent (0)
DEB [20161205-14:41:41.089] thr=1   paramiko.transport: [chan 1] Sesch channel 1 request ok
DEB [20161205-14:41:41.090] thr=2   paramiko.transport: [chan 2] Max packet in: 32768 bytes
DEB [20161205-14:41:41.138] thr=1   paramiko.transport: [chan 1] EOF sent (1)
DEB [20161205-14:41:41.139] thr=1   paramiko.transport: Ignoring message for dead channel 0
DEB [20161205-14:41:41.139] thr=1   paramiko.transport: Ignoring message for dead channel 0
DEB [20161205-14:41:41.139] thr=1   paramiko.transport: [chan 2] Max packet out: 32768 bytes
DEB [20161205-14:41:41.139] thr=1   paramiko.transport: Secsh channel 2 opened.
DEB [20161205-14:41:41.140] thr=1   paramiko.transport: Ignoring message for dead channel 0
DEB [20161205-14:41:41.144] thr=1   paramiko.transport: Ignoring message for dead channel 1
DEB [20161205-14:41:41.144] thr=1   paramiko.transport: Ignoring message for dead channel 1
DEB [20161205-14:41:41.145] thr=1   paramiko.transport: Ignoring message for dead channel 1
DEB [20161205-14:41:41.191] thr=1   paramiko.transport: [chan 2] Sesch channel 2 request ok
DEB [20161205-14:41:43.195] thr=2   paramiko.transport: [chan 3] Max packet in: 32768 bytes
DEB [20161205-14:41:43.201] thr=1   paramiko.transport: [chan 3] Max packet out: 32768 bytes
DEB [20161205-14:41:43.201] thr=1   paramiko.transport: Secsh channel 3 opened.
DEB [20161205-14:41:43.211] thr=1   paramiko.transport: [chan 2] EOF sent (2)
DEB [20161205-14:41:43.212] thr=1   paramiko.transport: [chan 3] Sesch channel 3 request ok
DEB [20161205-14:41:43.242] thr=1   paramiko.transport: [chan 3] EOF received (3)
DEB [20161205-14:41:43.242] thr=1   paramiko.transport: [chan 3] EOF sent (3)
DEB [20161205-14:41:44.623] thr=1   paramiko.transport: Ignoring message for dead channel 2
DEB [20161205-14:41:44.624] thr=1   paramiko.transport: Ignoring message for dead channel 2
DEB [20161205-14:41:45.217] thr=2   paramiko.transport: [chan 4] Max packet in: 32768 bytes
DEB [20161205-14:41:45.221] thr=1   paramiko.transport: [chan 4] Max packet out: 32768 bytes
DEB [20161205-14:41:45.221] thr=1   paramiko.transport: Secsh channel 4 opened.
DEB [20161205-14:41:45.227] thr=1   paramiko.transport: [chan 4] Sesch channel 4 request ok
DEB [20161205-14:41:46.329] thr=1   paramiko.transport: [chan 4] EOF received (4)
DEB [20161205-14:41:46.329] thr=1   paramiko.transport: [chan 4] EOF sent (4)
DEB [20161205-14:41:47.231] thr=2   paramiko.transport: [chan 5] Max packet in: 32768 bytes
DEB [20161205-14:41:47.234] thr=1   paramiko.transport: [chan 5] Max packet out: 32768 bytes
DEB [20161205-14:41:47.234] thr=1   paramiko.transport: Secsh channel 5 opened.
DEB [20161205-14:41:47.240] thr=1   paramiko.transport: [chan 5] Sesch channel 5 request ok
DEB [20161205-14:41:47.241] thr=2   paramiko.transport: [chan 6] Max packet in: 32768 bytes
DEB [20161205-14:41:47.246] thr=1   paramiko.transport: [chan 6] Max packet out: 32768 bytes
DEB [20161205-14:41:47.247] thr=1   paramiko.transport: Secsh channel 6 opened.
DEB [20161205-14:41:47.268] thr=1   paramiko.transport: [chan 5] EOF sent (5)
DEB [20161205-14:41:47.268] thr=1   paramiko.transport: [chan 6] Sesch channel 6 request ok
DEB [20161205-14:41:47.269] thr=2   paramiko.transport: [chan 7] Max packet in: 32768 bytes
DEB [20161205-14:41:47.324] thr=1   paramiko.transport: [chan 7] Max packet out: 32768 bytes
DEB [20161205-14:41:47.324] thr=1   paramiko.transport: Secsh channel 7 opened.
DEB [20161205-14:41:47.353] thr=1   paramiko.transport: [chan 6] EOF sent (6)
DEB [20161205-14:41:47.354] thr=1   paramiko.transport: [chan 7] Sesch channel 7 request ok
DEB [20161205-14:41:47.354] thr=2   paramiko.transport: [chan 8] Max packet in: 32768 bytes
DEB [20161205-14:41:47.403] thr=1   paramiko.transport: [chan 8] Max packet out: 32768 bytes
DEB [20161205-14:41:47.404] thr=1   paramiko.transport: Secsh channel 8 opened.
DEB [20161205-14:41:47.443] thr=1   paramiko.transport: [chan 7] EOF sent (7)
DEB [20161205-14:41:47.444] thr=1   paramiko.transport: [chan 8] Sesch channel 8 request ok
DEB [20161205-14:41:47.445] thr=2   paramiko.transport: [chan 9] Max packet in: 32768 bytes
DEB [20161205-14:41:47.491] thr=1   paramiko.transport: [chan 9] Max packet out: 32768 bytes
DEB [20161205-14:41:47.491] thr=1   paramiko.transport: Secsh channel 9 opened.
DEB [20161205-14:41:47.538] thr=1   paramiko.transport: [chan 8] EOF sent (8)
DEB [20161205-14:41:47.538] thr=1   paramiko.transport: [chan 9] Sesch channel 9 request ok
DEB [20161205-14:41:47.644] thr=1   paramiko.transport: EOF in transport thread
DEB [20161205-14:41:47.666] thr=3   paramiko.transport: starting thread (client mode): 0x340e6d0L
DEB [20161205-14:41:47.666] thr=3   paramiko.transport: Local version/idstring: SSH-2.0-paramiko_2.0.2
DEB [20161205-14:41:47.679] thr=3   paramiko.transport: Remote version/idstring: SSH-2.0-OpenSSH_6.6.1
INF [20161205-14:41:47.679] thr=3   paramiko.transport: Connected (version 2.0, client OpenSSH_6.6.1)
DEB [20161205-14:41:47.684] thr=3   paramiko.transport: kex algos:[u'curve25519-sha256@libssh.org', u'ecdh-sha2-nistp256', u'ecdh-sha2-nistp384', u'ecdh-sha2-nistp521', u'diffie-hellman-group-exchange-sha256', u'diffie-hellman-group-exchange-sha1', u'diffie-hellman-group14-sha1', u'diffie-hellman-group1-sha1'] server key:[u'ssh-rsa', u'ecdsa-sha2-nistp256', u'ssh-ed25519'] client encrypt:[u'aes128-ctr', u'aes192-ctr', u'aes256-ctr', u'arcfour256', u'arcfour128', u'aes128-gcm@openssh.com', u'aes256-gcm@openssh.com', u'chacha20-poly1305@openssh.com', u'aes128-cbc', u'3des-cbc', u'blowfish-cbc', u'cast128-cbc', u'aes192-cbc', u'aes256-cbc', u'arcfour', u'rijndael-cbc@lysator.liu.se'] server encrypt:[u'aes128-ctr', u'aes192-ctr', u'aes256-ctr', u'arcfour256', u'arcfour128', u'aes128-gcm@openssh.com', u'aes256-gcm@openssh.com', u'chacha20-poly1305@openssh.com', u'aes128-cbc', u'3des-cbc', u'blowfish-cbc', u'cast128-cbc', u'aes192-cbc', u'aes256-cbc', u'arcfour', u'rijndael-cbc@lysator.liu.se'] client mac:[u'hmac-md5-etm@openssh.com', u'hmac-sha1-etm@openssh.com', u'umac-64-etm@openssh.com', u'umac-128-etm@openssh.com', u'hmac-sha2-256-etm@openssh.com', u'hmac-sha2-512-etm@openssh.com', u'hmac-ripemd160-etm@openssh.com', u'hmac-sha1-96-etm@openssh.com', u'hmac-md5-96-etm@openssh.com', u'hmac-md5', u'hmac-sha1', u'umac-64@openssh.com', u'umac-128@openssh.com', u'hmac-sha2-256', u'hmac-sha2-512', u'hmac-ripemd160', u'hmac-ripemd160@openssh.com', u'hmac-sha1-96', u'hmac-md5-96'] server mac:[u'hmac-md5-etm@openssh.com', u'hmac-sha1-etm@openssh.com', u'umac-64-etm@openssh.com', u'umac-128-etm@openssh.com', u'hmac-sha2-256-etm@openssh.com', u'hmac-sha2-512-etm@openssh.com', u'hmac-ripemd160-etm@openssh.com', u'hmac-sha1-96-etm@openssh.com', u'hmac-md5-96-etm@openssh.com', u'hmac-md5', u'hmac-sha1', u'umac-64@openssh.com', u'umac-128@openssh.com', u'hmac-sha2-256', u'hmac-sha2-512', u'hmac-ripemd160', u'hmac-ripemd160@openssh.com', u'hmac-sha1-96', u'hmac-md5-96'] client compress:[u'none', u'zlib@openssh.com'] server compress:[u'none', u'zlib@openssh.com'] client lang:[u''] server lang:[u''] kex follows?False
DEB [20161205-14:41:47.685] thr=3   paramiko.transport: Kex agreed: diffie-hellman-group1-sha1
DEB [20161205-14:41:47.685] thr=3   paramiko.transport: Cipher agreed: aes128-ctr
DEB [20161205-14:41:47.685] thr=3   paramiko.transport: MAC agreed: hmac-sha2-256
DEB [20161205-14:41:47.685] thr=3   paramiko.transport: Compression agreed: none
DEB [20161205-14:41:47.735] thr=3   paramiko.transport: kex engine KexGroup1 specified hash_algo <built-in function openssl_sha1>
DEB [20161205-14:41:47.736] thr=3   paramiko.transport: Switch to new keys ...
DEB [20161205-14:41:47.737] thr=2   paramiko.transport: Adding ssh-rsa host key for 172.22.148.235: 66777c92e0c10c6303cc764fa28b7d98
DEB [20161205-14:41:47.738] thr=2   paramiko.transport: Trying discovered key dc18384c6fe2185f571203fb3e808615 in /Users/TianhangSun/.ssh/id_rsa
DEB [20161205-14:41:47.781] thr=3   paramiko.transport: userauth is OK
INF [20161205-14:41:47.817] thr=3   paramiko.transport: Authentication (publickey) successful!
DEB [20161205-14:41:47.843] thr=2   paramiko.transport: [chan 0] Max packet in: 32768 bytes
DEB [20161205-14:41:47.928] thr=3   paramiko.transport: [chan 0] Max packet out: 32768 bytes
DEB [20161205-14:41:47.928] thr=3   paramiko.transport: Secsh channel 0 opened.
DEB [20161205-14:41:47.956] thr=3   paramiko.transport: [chan 0] Sesch channel 0 request ok
DEB [20161205-14:41:47.957] thr=2   paramiko.transport: [chan 1] Max packet in: 32768 bytes
DEB [20161205-14:41:47.961] thr=3   paramiko.transport: [chan 1] Max packet out: 32768 bytes
DEB [20161205-14:41:47.962] thr=3   paramiko.transport: Secsh channel 1 opened.
DEB [20161205-14:41:47.972] thr=3   paramiko.transport: [chan 0] EOF sent (0)
DEB [20161205-14:41:47.973] thr=3   paramiko.transport: [chan 1] Sesch channel 1 request ok
DEB [20161205-14:41:47.973] thr=2   paramiko.transport: [chan 2] Max packet in: 32768 bytes
DEB [20161205-14:41:47.986] thr=3   paramiko.transport: [chan 1] EOF sent (1)
DEB [20161205-14:41:47.987] thr=3   paramiko.transport: Ignoring message for dead channel 0
DEB [20161205-14:41:47.987] thr=3   paramiko.transport: Ignoring message for dead channel 0
DEB [20161205-14:41:47.987] thr=3   paramiko.transport: Ignoring message for dead channel 0
DEB [20161205-14:41:47.989] thr=3   paramiko.transport: [chan 2] Max packet out: 32768 bytes
DEB [20161205-14:41:47.989] thr=3   paramiko.transport: Secsh channel 2 opened.
DEB [20161205-14:41:48.017] thr=3   paramiko.transport: Ignoring message for dead channel 1
DEB [20161205-14:41:48.017] thr=3   paramiko.transport: Ignoring message for dead channel 1
DEB [20161205-14:41:48.021] thr=3   paramiko.transport: [chan 2] Sesch channel 2 request ok
DEB [20161205-14:41:49.027] thr=3   paramiko.transport: [chan 2] EOF received (2)
DEB [20161205-14:41:49.028] thr=3   paramiko.transport: [chan 2] EOF sent (2)
DEB [20161205-14:41:50.024] thr=2   paramiko.transport: [chan 3] Max packet in: 32768 bytes
DEB [20161205-14:41:50.027] thr=3   paramiko.transport: [chan 3] Max packet out: 32768 bytes
DEB [20161205-14:41:50.027] thr=3   paramiko.transport: Secsh channel 3 opened.
DEB [20161205-14:41:50.033] thr=3   paramiko.transport: [chan 3] Sesch channel 3 request ok
DEB [20161205-14:41:50.064] thr=3   paramiko.transport: [chan 3] EOF received (3)
DEB [20161205-14:41:50.064] thr=3   paramiko.transport: [chan 3] EOF sent (3)
DEB [20161205-14:41:52.036] thr=2   paramiko.transport: [chan 4] Max packet in: 32768 bytes
DEB [20161205-14:41:52.040] thr=3   paramiko.transport: [chan 4] Max packet out: 32768 bytes
DEB [20161205-14:41:52.040] thr=3   paramiko.transport: Secsh channel 4 opened.
DEB [20161205-14:41:52.053] thr=3   paramiko.transport: [chan 4] Sesch channel 4 request ok
DEB [20161205-14:41:53.056] thr=3   paramiko.transport: [chan 4] EOF received (4)
DEB [20161205-14:41:53.056] thr=3   paramiko.transport: [chan 4] EOF sent (4)
DEB [20161205-14:41:54.058] thr=2   paramiko.transport: [chan 5] Max packet in: 32768 bytes
DEB [20161205-14:41:54.080] thr=3   paramiko.transport: [chan 5] Max packet out: 32768 bytes
DEB [20161205-14:41:54.080] thr=3   paramiko.transport: Secsh channel 5 opened.
DEB [20161205-14:41:54.101] thr=3   paramiko.transport: [chan 5] Sesch channel 5 request ok
DEB [20161205-14:41:54.102] thr=2   paramiko.transport: [chan 6] Max packet in: 32768 bytes
DEB [20161205-14:41:54.105] thr=3   paramiko.transport: [chan 6] Max packet out: 32768 bytes
DEB [20161205-14:41:54.105] thr=3   paramiko.transport: Secsh channel 6 opened.
DEB [20161205-14:41:54.111] thr=3   paramiko.transport: [chan 5] EOF sent (5)
DEB [20161205-14:41:54.112] thr=3   paramiko.transport: [chan 6] Sesch channel 6 request ok
DEB [20161205-14:41:54.112] thr=2   paramiko.transport: [chan 7] Max packet in: 32768 bytes
DEB [20161205-14:41:54.163] thr=3   paramiko.transport: [chan 7] Max packet out: 32768 bytes
DEB [20161205-14:41:54.163] thr=3   paramiko.transport: Secsh channel 7 opened.
DEB [20161205-14:41:54.189] thr=3   paramiko.transport: [chan 6] EOF sent (6)
DEB [20161205-14:41:54.189] thr=3   paramiko.transport: [chan 7] Sesch channel 7 request ok
DEB [20161205-14:41:54.190] thr=2   paramiko.transport: [chan 8] Max packet in: 32768 bytes
DEB [20161205-14:41:54.239] thr=3   paramiko.transport: [chan 8] Max packet out: 32768 bytes
DEB [20161205-14:41:54.239] thr=3   paramiko.transport: Secsh channel 8 opened.
DEB [20161205-14:41:54.284] thr=3   paramiko.transport: [chan 7] EOF sent (7)
DEB [20161205-14:41:54.285] thr=3   paramiko.transport: [chan 8] Sesch channel 8 request ok
DEB [20161205-14:41:54.286] thr=2   paramiko.transport: [chan 9] Max packet in: 32768 bytes
DEB [20161205-14:41:54.330] thr=3   paramiko.transport: [chan 9] Max packet out: 32768 bytes
DEB [20161205-14:41:54.331] thr=3   paramiko.transport: Secsh channel 9 opened.
DEB [20161205-14:41:54.384] thr=3   paramiko.transport: [chan 8] EOF sent (8)
DEB [20161205-14:41:54.385] thr=3   paramiko.transport: [chan 9] Sesch channel 9 request ok
DEB [20161205-14:41:54.490] thr=3   paramiko.transport: EOF in transport thread
DEB [20161205-14:41:54.518] thr=3   paramiko.transport: starting thread (client mode): 0x340e6d0L
DEB [20161205-14:41:54.518] thr=3   paramiko.transport: Local version/idstring: SSH-2.0-paramiko_2.0.2
DEB [20161205-14:41:54.535] thr=3   paramiko.transport: Remote version/idstring: SSH-2.0-OpenSSH_6.6.1
INF [20161205-14:41:54.535] thr=3   paramiko.transport: Connected (version 2.0, client OpenSSH_6.6.1)
DEB [20161205-14:41:54.540] thr=3   paramiko.transport: kex algos:[u'curve25519-sha256@libssh.org', u'ecdh-sha2-nistp256', u'ecdh-sha2-nistp384', u'ecdh-sha2-nistp521', u'diffie-hellman-group-exchange-sha256', u'diffie-hellman-group-exchange-sha1', u'diffie-hellman-group14-sha1', u'diffie-hellman-group1-sha1'] server key:[u'ssh-rsa', u'ecdsa-sha2-nistp256', u'ssh-ed25519'] client encrypt:[u'aes128-ctr', u'aes192-ctr', u'aes256-ctr', u'arcfour256', u'arcfour128', u'aes128-gcm@openssh.com', u'aes256-gcm@openssh.com', u'chacha20-poly1305@openssh.com', u'aes128-cbc', u'3des-cbc', u'blowfish-cbc', u'cast128-cbc', u'aes192-cbc', u'aes256-cbc', u'arcfour', u'rijndael-cbc@lysator.liu.se'] server encrypt:[u'aes128-ctr', u'aes192-ctr', u'aes256-ctr', u'arcfour256', u'arcfour128', u'aes128-gcm@openssh.com', u'aes256-gcm@openssh.com', u'chacha20-poly1305@openssh.com', u'aes128-cbc', u'3des-cbc', u'blowfish-cbc', u'cast128-cbc', u'aes192-cbc', u'aes256-cbc', u'arcfour', u'rijndael-cbc@lysator.liu.se'] client mac:[u'hmac-md5-etm@openssh.com', u'hmac-sha1-etm@openssh.com', u'umac-64-etm@openssh.com', u'umac-128-etm@openssh.com', u'hmac-sha2-256-etm@openssh.com', u'hmac-sha2-512-etm@openssh.com', u'hmac-ripemd160-etm@openssh.com', u'hmac-sha1-96-etm@openssh.com', u'hmac-md5-96-etm@openssh.com', u'hmac-md5', u'hmac-sha1', u'umac-64@openssh.com', u'umac-128@openssh.com', u'hmac-sha2-256', u'hmac-sha2-512', u'hmac-ripemd160', u'hmac-ripemd160@openssh.com', u'hmac-sha1-96', u'hmac-md5-96'] server mac:[u'hmac-md5-etm@openssh.com', u'hmac-sha1-etm@openssh.com', u'umac-64-etm@openssh.com', u'umac-128-etm@openssh.com', u'hmac-sha2-256-etm@openssh.com', u'hmac-sha2-512-etm@openssh.com', u'hmac-ripemd160-etm@openssh.com', u'hmac-sha1-96-etm@openssh.com', u'hmac-md5-96-etm@openssh.com', u'hmac-md5', u'hmac-sha1', u'umac-64@openssh.com', u'umac-128@openssh.com', u'hmac-sha2-256', u'hmac-sha2-512', u'hmac-ripemd160', u'hmac-ripemd160@openssh.com', u'hmac-sha1-96', u'hmac-md5-96'] client compress:[u'none', u'zlib@openssh.com'] server compress:[u'none', u'zlib@openssh.com'] client lang:[u''] server lang:[u''] kex follows?False
DEB [20161205-14:41:54.541] thr=3   paramiko.transport: Kex agreed: diffie-hellman-group1-sha1
DEB [20161205-14:41:54.541] thr=3   paramiko.transport: Cipher agreed: aes128-ctr
DEB [20161205-14:41:54.541] thr=3   paramiko.transport: MAC agreed: hmac-sha2-256
DEB [20161205-14:41:54.541] thr=3   paramiko.transport: Compression agreed: none
DEB [20161205-14:41:54.591] thr=3   paramiko.transport: kex engine KexGroup1 specified hash_algo <built-in function openssl_sha1>
DEB [20161205-14:41:54.592] thr=3   paramiko.transport: Switch to new keys ...
DEB [20161205-14:41:54.624] thr=2   paramiko.transport: Adding ssh-rsa host key for 172.22.148.236: 6f241cb776c21e2030c4e582fd0f4a60
DEB [20161205-14:41:54.626] thr=2   paramiko.transport: Trying discovered key dc18384c6fe2185f571203fb3e808615 in /Users/TianhangSun/.ssh/id_rsa
DEB [20161205-14:41:54.636] thr=3   paramiko.transport: userauth is OK
INF [20161205-14:41:54.672] thr=3   paramiko.transport: Authentication (publickey) successful!
DEB [20161205-14:41:54.696] thr=2   paramiko.transport: [chan 0] Max packet in: 32768 bytes
DEB [20161205-14:41:54.861] thr=3   paramiko.transport: [chan 0] Max packet out: 32768 bytes
DEB [20161205-14:41:54.862] thr=3   paramiko.transport: Secsh channel 0 opened.
DEB [20161205-14:41:54.884] thr=3   paramiko.transport: [chan 0] Sesch channel 0 request ok
DEB [20161205-14:41:54.885] thr=2   paramiko.transport: [chan 1] Max packet in: 32768 bytes
DEB [20161205-14:41:54.889] thr=3   paramiko.transport: [chan 1] Max packet out: 32768 bytes
DEB [20161205-14:41:54.890] thr=3   paramiko.transport: Secsh channel 1 opened.
DEB [20161205-14:41:54.902] thr=3   paramiko.transport: [chan 0] EOF sent (0)
DEB [20161205-14:41:54.903] thr=3   paramiko.transport: [chan 1] Sesch channel 1 request ok
DEB [20161205-14:41:54.903] thr=2   paramiko.transport: [chan 2] Max packet in: 32768 bytes
DEB [20161205-14:41:54.924] thr=3   paramiko.transport: [chan 1] EOF sent (1)
DEB [20161205-14:41:54.925] thr=3   paramiko.transport: Ignoring message for dead channel 0
DEB [20161205-14:41:54.925] thr=3   paramiko.transport: Ignoring message for dead channel 0
DEB [20161205-14:41:54.925] thr=3   paramiko.transport: Ignoring message for dead channel 0
DEB [20161205-14:41:54.927] thr=3   paramiko.transport: [chan 2] Max packet out: 32768 bytes
DEB [20161205-14:41:54.927] thr=3   paramiko.transport: Secsh channel 2 opened.
DEB [20161205-14:41:54.933] thr=3   paramiko.transport: Ignoring message for dead channel 1
DEB [20161205-14:41:54.933] thr=3   paramiko.transport: Ignoring message for dead channel 1
DEB [20161205-14:41:54.943] thr=3   paramiko.transport: [chan 2] Sesch channel 2 request ok
DEB [20161205-14:41:55.901] thr=3   paramiko.transport: [chan 2] EOF received (2)
DEB [20161205-14:41:55.902] thr=3   paramiko.transport: [chan 2] EOF sent (2)
DEB [20161205-14:41:56.948] thr=2   paramiko.transport: [chan 3] Max packet in: 32768 bytes
DEB [20161205-14:41:56.951] thr=3   paramiko.transport: [chan 3] Max packet out: 32768 bytes
DEB [20161205-14:41:56.951] thr=3   paramiko.transport: Secsh channel 3 opened.
DEB [20161205-14:41:56.958] thr=3   paramiko.transport: [chan 3] Sesch channel 3 request ok
DEB [20161205-14:41:57.009] thr=3   paramiko.transport: [chan 3] EOF received (3)
DEB [20161205-14:41:57.010] thr=3   paramiko.transport: [chan 3] EOF sent (3)
DEB [20161205-14:41:58.960] thr=2   paramiko.transport: [chan 4] Max packet in: 32768 bytes
DEB [20161205-14:41:58.964] thr=3   paramiko.transport: [chan 4] Max packet out: 32768 bytes
DEB [20161205-14:41:58.964] thr=3   paramiko.transport: Secsh channel 4 opened.
DEB [20161205-14:41:58.969] thr=3   paramiko.transport: [chan 4] Sesch channel 4 request ok
DEB [20161205-14:42:00.086] thr=3   paramiko.transport: [chan 4] EOF received (4)
DEB [20161205-14:42:00.086] thr=3   paramiko.transport: [chan 4] EOF sent (4)
DEB [20161205-14:42:00.974] thr=2   paramiko.transport: [chan 5] Max packet in: 32768 bytes
DEB [20161205-14:42:00.978] thr=3   paramiko.transport: [chan 5] Max packet out: 32768 bytes
DEB [20161205-14:42:00.978] thr=3   paramiko.transport: Secsh channel 5 opened.
DEB [20161205-14:42:00.988] thr=3   paramiko.transport: [chan 5] Sesch channel 5 request ok
DEB [20161205-14:42:00.989] thr=2   paramiko.transport: [chan 6] Max packet in: 32768 bytes
DEB [20161205-14:42:00.992] thr=3   paramiko.transport: [chan 6] Max packet out: 32768 bytes
DEB [20161205-14:42:00.992] thr=3   paramiko.transport: Secsh channel 6 opened.
DEB [20161205-14:42:01.013] thr=3   paramiko.transport: [chan 5] EOF sent (5)
DEB [20161205-14:42:01.013] thr=3   paramiko.transport: [chan 6] Sesch channel 6 request ok
DEB [20161205-14:42:01.015] thr=2   paramiko.transport: [chan 7] Max packet in: 32768 bytes
DEB [20161205-14:42:01.064] thr=3   paramiko.transport: [chan 7] Max packet out: 32768 bytes
DEB [20161205-14:42:01.064] thr=3   paramiko.transport: Secsh channel 7 opened.
DEB [20161205-14:42:01.100] thr=3   paramiko.transport: [chan 6] EOF sent (6)
DEB [20161205-14:42:01.101] thr=3   paramiko.transport: [chan 7] Sesch channel 7 request ok
DEB [20161205-14:42:01.102] thr=2   paramiko.transport: [chan 8] Max packet in: 32768 bytes
DEB [20161205-14:42:01.156] thr=3   paramiko.transport: [chan 8] Max packet out: 32768 bytes
DEB [20161205-14:42:01.156] thr=3   paramiko.transport: Secsh channel 8 opened.
DEB [20161205-14:42:02.135] thr=3   paramiko.transport: [chan 7] EOF sent (7)
DEB [20161205-14:42:02.136] thr=3   paramiko.transport: [chan 8] Sesch channel 8 request ok
DEB [20161205-14:42:02.137] thr=2   paramiko.transport: [chan 9] Max packet in: 32768 bytes
DEB [20161205-14:42:02.193] thr=3   paramiko.transport: [chan 9] Max packet out: 32768 bytes
DEB [20161205-14:42:02.193] thr=3   paramiko.transport: Secsh channel 9 opened.
DEB [20161205-14:42:02.221] thr=3   paramiko.transport: [chan 8] EOF sent (8)
DEB [20161205-14:42:02.222] thr=3   paramiko.transport: [chan 9] Sesch channel 9 request ok
DEB [20161205-14:42:02.322] thr=3   paramiko.transport: EOF in transport thread
DEB [20161205-14:42:02.354] thr=4   paramiko.transport: starting thread (client mode): 0x535c90L
DEB [20161205-14:42:02.354] thr=4   paramiko.transport: Local version/idstring: SSH-2.0-paramiko_2.0.2
DEB [20161205-14:42:02.364] thr=4   paramiko.transport: Remote version/idstring: SSH-2.0-OpenSSH_6.6.1
INF [20161205-14:42:02.365] thr=4   paramiko.transport: Connected (version 2.0, client OpenSSH_6.6.1)
DEB [20161205-14:42:02.373] thr=4   paramiko.transport: kex algos:[u'curve25519-sha256@libssh.org', u'ecdh-sha2-nistp256', u'ecdh-sha2-nistp384', u'ecdh-sha2-nistp521', u'diffie-hellman-group-exchange-sha256', u'diffie-hellman-group-exchange-sha1', u'diffie-hellman-group14-sha1', u'diffie-hellman-group1-sha1'] server key:[u'ssh-rsa', u'ecdsa-sha2-nistp256', u'ssh-ed25519'] client encrypt:[u'aes128-ctr', u'aes192-ctr', u'aes256-ctr', u'arcfour256', u'arcfour128', u'aes128-gcm@openssh.com', u'aes256-gcm@openssh.com', u'chacha20-poly1305@openssh.com', u'aes128-cbc', u'3des-cbc', u'blowfish-cbc', u'cast128-cbc', u'aes192-cbc', u'aes256-cbc', u'arcfour', u'rijndael-cbc@lysator.liu.se'] server encrypt:[u'aes128-ctr', u'aes192-ctr', u'aes256-ctr', u'arcfour256', u'arcfour128', u'aes128-gcm@openssh.com', u'aes256-gcm@openssh.com', u'chacha20-poly1305@openssh.com', u'aes128-cbc', u'3des-cbc', u'blowfish-cbc', u'cast128-cbc', u'aes192-cbc', u'aes256-cbc', u'arcfour', u'rijndael-cbc@lysator.liu.se'] client mac:[u'hmac-md5-etm@openssh.com', u'hmac-sha1-etm@openssh.com', u'umac-64-etm@openssh.com', u'umac-128-etm@openssh.com', u'hmac-sha2-256-etm@openssh.com', u'hmac-sha2-512-etm@openssh.com', u'hmac-ripemd160-etm@openssh.com', u'hmac-sha1-96-etm@openssh.com', u'hmac-md5-96-etm@openssh.com', u'hmac-md5', u'hmac-sha1', u'umac-64@openssh.com', u'umac-128@openssh.com', u'hmac-sha2-256', u'hmac-sha2-512', u'hmac-ripemd160', u'hmac-ripemd160@openssh.com', u'hmac-sha1-96', u'hmac-md5-96'] server mac:[u'hmac-md5-etm@openssh.com', u'hmac-sha1-etm@openssh.com', u'umac-64-etm@openssh.com', u'umac-128-etm@openssh.com', u'hmac-sha2-256-etm@openssh.com', u'hmac-sha2-512-etm@openssh.com', u'hmac-ripemd160-etm@openssh.com', u'hmac-sha1-96-etm@openssh.com', u'hmac-md5-96-etm@openssh.com', u'hmac-md5', u'hmac-sha1', u'umac-64@openssh.com', u'umac-128@openssh.com', u'hmac-sha2-256', u'hmac-sha2-512', u'hmac-ripemd160', u'hmac-ripemd160@openssh.com', u'hmac-sha1-96', u'hmac-md5-96'] client compress:[u'none', u'zlib@openssh.com'] server compress:[u'none', u'zlib@openssh.com'] client lang:[u''] server lang:[u''] kex follows?False
DEB [20161205-14:42:02.373] thr=4   paramiko.transport: Kex agreed: diffie-hellman-group1-sha1
DEB [20161205-14:42:02.374] thr=4   paramiko.transport: Cipher agreed: aes128-ctr
DEB [20161205-14:42:02.374] thr=4   paramiko.transport: MAC agreed: hmac-sha2-256
DEB [20161205-14:42:02.374] thr=4   paramiko.transport: Compression agreed: none
DEB [20161205-14:42:02.424] thr=4   paramiko.transport: kex engine KexGroup1 specified hash_algo <built-in function openssl_sha1>
DEB [20161205-14:42:02.424] thr=4   paramiko.transport: Switch to new keys ...
DEB [20161205-14:42:02.430] thr=2   paramiko.transport: Adding ssh-rsa host key for 172.22.148.237: 05bbd41c4fd253d921c6559a524b7f69
DEB [20161205-14:42:02.431] thr=2   paramiko.transport: Trying discovered key dc18384c6fe2185f571203fb3e808615 in /Users/TianhangSun/.ssh/id_rsa
DEB [20161205-14:42:02.471] thr=4   paramiko.transport: userauth is OK
INF [20161205-14:42:02.507] thr=4   paramiko.transport: Authentication (publickey) successful!
DEB [20161205-14:42:02.538] thr=2   paramiko.transport: [chan 0] Max packet in: 32768 bytes
DEB [20161205-14:42:02.633] thr=4   paramiko.transport: [chan 0] Max packet out: 32768 bytes
DEB [20161205-14:42:02.633] thr=4   paramiko.transport: Secsh channel 0 opened.
DEB [20161205-14:42:02.648] thr=4   paramiko.transport: [chan 0] Sesch channel 0 request ok
DEB [20161205-14:42:02.649] thr=2   paramiko.transport: [chan 1] Max packet in: 32768 bytes
DEB [20161205-14:42:02.680] thr=4   paramiko.transport: [chan 1] Max packet out: 32768 bytes
DEB [20161205-14:42:02.681] thr=4   paramiko.transport: Secsh channel 1 opened.
DEB [20161205-14:42:02.691] thr=4   paramiko.transport: [chan 0] EOF sent (0)
DEB [20161205-14:42:02.692] thr=4   paramiko.transport: [chan 1] Sesch channel 1 request ok
DEB [20161205-14:42:02.693] thr=2   paramiko.transport: [chan 2] Max packet in: 32768 bytes
DEB [20161205-14:42:02.721] thr=4   paramiko.transport: [chan 1] EOF sent (1)
DEB [20161205-14:42:02.721] thr=4   paramiko.transport: Ignoring message for dead channel 0
DEB [20161205-14:42:02.722] thr=4   paramiko.transport: Ignoring message for dead channel 0
DEB [20161205-14:42:02.722] thr=4   paramiko.transport: Ignoring message for dead channel 0
DEB [20161205-14:42:02.724] thr=4   paramiko.transport: [chan 2] Max packet out: 32768 bytes
DEB [20161205-14:42:02.724] thr=4   paramiko.transport: Secsh channel 2 opened.
DEB [20161205-14:42:02.729] thr=4   paramiko.transport: Ignoring message for dead channel 1
DEB [20161205-14:42:02.729] thr=4   paramiko.transport: Ignoring message for dead channel 1
DEB [20161205-14:42:02.735] thr=4   paramiko.transport: [chan 2] Sesch channel 2 request ok
DEB [20161205-14:42:03.772] thr=4   paramiko.transport: [chan 2] EOF received (2)
DEB [20161205-14:42:03.772] thr=4   paramiko.transport: [chan 2] EOF sent (2)
DEB [20161205-14:42:04.739] thr=2   paramiko.transport: [chan 3] Max packet in: 32768 bytes
DEB [20161205-14:42:04.745] thr=4   paramiko.transport: [chan 3] Max packet out: 32768 bytes
DEB [20161205-14:42:04.745] thr=4   paramiko.transport: Secsh channel 3 opened.
DEB [20161205-14:42:04.756] thr=4   paramiko.transport: [chan 3] Sesch channel 3 request ok
DEB [20161205-14:42:04.771] thr=4   paramiko.transport: [chan 3] EOF received (3)
DEB [20161205-14:42:04.772] thr=4   paramiko.transport: [chan 3] EOF sent (3)
DEB [20161205-14:42:06.762] thr=2   paramiko.transport: [chan 4] Max packet in: 32768 bytes
DEB [20161205-14:42:06.766] thr=4   paramiko.transport: [chan 4] Max packet out: 32768 bytes
DEB [20161205-14:42:06.766] thr=4   paramiko.transport: Secsh channel 4 opened.
DEB [20161205-14:42:06.771] thr=4   paramiko.transport: [chan 4] Sesch channel 4 request ok
DEB [20161205-14:42:07.766] thr=4   paramiko.transport: [chan 4] EOF received (4)
DEB [20161205-14:42:07.766] thr=4   paramiko.transport: [chan 4] EOF sent (4)
DEB [20161205-14:42:08.777] thr=2   paramiko.transport: [chan 5] Max packet in: 32768 bytes
DEB [20161205-14:42:08.783] thr=4   paramiko.transport: [chan 5] Max packet out: 32768 bytes
DEB [20161205-14:42:08.783] thr=4   paramiko.transport: Secsh channel 5 opened.
DEB [20161205-14:42:08.793] thr=4   paramiko.transport: [chan 5] Sesch channel 5 request ok
DEB [20161205-14:42:08.793] thr=2   paramiko.transport: [chan 6] Max packet in: 32768 bytes
DEB [20161205-14:42:08.797] thr=4   paramiko.transport: [chan 6] Max packet out: 32768 bytes
DEB [20161205-14:42:08.798] thr=4   paramiko.transport: Secsh channel 6 opened.
DEB [20161205-14:42:08.815] thr=4   paramiko.transport: [chan 5] EOF sent (5)
DEB [20161205-14:42:08.816] thr=4   paramiko.transport: [chan 6] Sesch channel 6 request ok
DEB [20161205-14:42:08.816] thr=2   paramiko.transport: [chan 7] Max packet in: 32768 bytes
DEB [20161205-14:42:08.863] thr=4   paramiko.transport: [chan 7] Max packet out: 32768 bytes
DEB [20161205-14:42:08.863] thr=4   paramiko.transport: Secsh channel 7 opened.
DEB [20161205-14:42:08.900] thr=4   paramiko.transport: [chan 6] EOF sent (6)
DEB [20161205-14:42:08.901] thr=4   paramiko.transport: [chan 7] Sesch channel 7 request ok
DEB [20161205-14:42:08.901] thr=2   paramiko.transport: [chan 8] Max packet in: 32768 bytes
DEB [20161205-14:42:08.946] thr=4   paramiko.transport: [chan 8] Max packet out: 32768 bytes
DEB [20161205-14:42:08.946] thr=4   paramiko.transport: Secsh channel 8 opened.
DEB [20161205-14:42:08.997] thr=4   paramiko.transport: [chan 7] EOF sent (7)
DEB [20161205-14:42:08.997] thr=4   paramiko.transport: [chan 8] Sesch channel 8 request ok
DEB [20161205-14:42:08.998] thr=2   paramiko.transport: [chan 9] Max packet in: 32768 bytes
DEB [20161205-14:42:09.044] thr=4   paramiko.transport: [chan 9] Max packet out: 32768 bytes
DEB [20161205-14:42:09.045] thr=4   paramiko.transport: Secsh channel 9 opened.
DEB [20161205-14:42:09.083] thr=4   paramiko.transport: [chan 8] EOF sent (8)
DEB [20161205-14:42:09.084] thr=4   paramiko.transport: [chan 9] Sesch channel 9 request ok
DEB [20161205-14:42:09.189] thr=4   paramiko.transport: EOF in transport thread
DEB [20161205-14:42:09.214] thr=5   paramiko.transport: starting thread (client mode): 0x3395a10L
DEB [20161205-14:42:09.214] thr=5   paramiko.transport: Local version/idstring: SSH-2.0-paramiko_2.0.2
DEB [20161205-14:42:09.226] thr=5   paramiko.transport: Remote version/idstring: SSH-2.0-OpenSSH_6.6.1
INF [20161205-14:42:09.226] thr=5   paramiko.transport: Connected (version 2.0, client OpenSSH_6.6.1)
DEB [20161205-14:42:09.229] thr=5   paramiko.transport: kex algos:[u'curve25519-sha256@libssh.org', u'ecdh-sha2-nistp256', u'ecdh-sha2-nistp384', u'ecdh-sha2-nistp521', u'diffie-hellman-group-exchange-sha256', u'diffie-hellman-group-exchange-sha1', u'diffie-hellman-group14-sha1', u'diffie-hellman-group1-sha1'] server key:[u'ssh-rsa', u'ecdsa-sha2-nistp256', u'ssh-ed25519'] client encrypt:[u'aes128-ctr', u'aes192-ctr', u'aes256-ctr', u'arcfour256', u'arcfour128', u'aes128-gcm@openssh.com', u'aes256-gcm@openssh.com', u'chacha20-poly1305@openssh.com', u'aes128-cbc', u'3des-cbc', u'blowfish-cbc', u'cast128-cbc', u'aes192-cbc', u'aes256-cbc', u'arcfour', u'rijndael-cbc@lysator.liu.se'] server encrypt:[u'aes128-ctr', u'aes192-ctr', u'aes256-ctr', u'arcfour256', u'arcfour128', u'aes128-gcm@openssh.com', u'aes256-gcm@openssh.com', u'chacha20-poly1305@openssh.com', u'aes128-cbc', u'3des-cbc', u'blowfish-cbc', u'cast128-cbc', u'aes192-cbc', u'aes256-cbc', u'arcfour', u'rijndael-cbc@lysator.liu.se'] client mac:[u'hmac-md5-etm@openssh.com', u'hmac-sha1-etm@openssh.com', u'umac-64-etm@openssh.com', u'umac-128-etm@openssh.com', u'hmac-sha2-256-etm@openssh.com', u'hmac-sha2-512-etm@openssh.com', u'hmac-ripemd160-etm@openssh.com', u'hmac-sha1-96-etm@openssh.com', u'hmac-md5-96-etm@openssh.com', u'hmac-md5', u'hmac-sha1', u'umac-64@openssh.com', u'umac-128@openssh.com', u'hmac-sha2-256', u'hmac-sha2-512', u'hmac-ripemd160', u'hmac-ripemd160@openssh.com', u'hmac-sha1-96', u'hmac-md5-96'] server mac:[u'hmac-md5-etm@openssh.com', u'hmac-sha1-etm@openssh.com', u'umac-64-etm@openssh.com', u'umac-128-etm@openssh.com', u'hmac-sha2-256-etm@openssh.com', u'hmac-sha2-512-etm@openssh.com', u'hmac-ripemd160-etm@openssh.com', u'hmac-sha1-96-etm@openssh.com', u'hmac-md5-96-etm@openssh.com', u'hmac-md5', u'hmac-sha1', u'umac-64@openssh.com', u'umac-128@openssh.com', u'hmac-sha2-256', u'hmac-sha2-512', u'hmac-ripemd160', u'hmac-ripemd160@openssh.com', u'hmac-sha1-96', u'hmac-md5-96'] client compress:[u'none', u'zlib@openssh.com'] server compress:[u'none', u'zlib@openssh.com'] client lang:[u''] server lang:[u''] kex follows?False
DEB [20161205-14:42:09.229] thr=5   paramiko.transport: Kex agreed: diffie-hellman-group1-sha1
DEB [20161205-14:42:09.229] thr=5   paramiko.transport: Cipher agreed: aes128-ctr
DEB [20161205-14:42:09.229] thr=5   paramiko.transport: MAC agreed: hmac-sha2-256
DEB [20161205-14:42:09.230] thr=5   paramiko.transport: Compression agreed: none
DEB [20161205-14:42:09.281] thr=5   paramiko.transport: kex engine KexGroup1 specified hash_algo <built-in function openssl_sha1>
DEB [20161205-14:42:09.282] thr=5   paramiko.transport: Switch to new keys ...
DEB [20161205-14:42:09.289] thr=2   paramiko.transport: Adding ssh-rsa host key for 172.22.148.238: aa803ae5b12330c5142b3315af9fdf93
DEB [20161205-14:42:09.290] thr=2   paramiko.transport: Trying discovered key dc18384c6fe2185f571203fb3e808615 in /Users/TianhangSun/.ssh/id_rsa
DEB [20161205-14:42:09.326] thr=5   paramiko.transport: userauth is OK
INF [20161205-14:42:09.363] thr=5   paramiko.transport: Authentication (publickey) successful!
DEB [20161205-14:42:09.394] thr=2   paramiko.transport: [chan 0] Max packet in: 32768 bytes
DEB [20161205-14:42:09.467] thr=5   paramiko.transport: [chan 0] Max packet out: 32768 bytes
DEB [20161205-14:42:09.468] thr=5   paramiko.transport: Secsh channel 0 opened.
DEB [20161205-14:42:09.506] thr=5   paramiko.transport: [chan 0] Sesch channel 0 request ok
DEB [20161205-14:42:09.506] thr=2   paramiko.transport: [chan 1] Max packet in: 32768 bytes
DEB [20161205-14:42:09.510] thr=5   paramiko.transport: [chan 1] Max packet out: 32768 bytes
DEB [20161205-14:42:09.510] thr=5   paramiko.transport: Secsh channel 1 opened.
DEB [20161205-14:42:09.525] thr=5   paramiko.transport: [chan 0] EOF sent (0)
DEB [20161205-14:42:09.526] thr=5   paramiko.transport: [chan 1] Sesch channel 1 request ok
DEB [20161205-14:42:09.526] thr=2   paramiko.transport: [chan 2] Max packet in: 32768 bytes
DEB [20161205-14:42:09.563] thr=5   paramiko.transport: [chan 1] EOF sent (1)
DEB [20161205-14:42:09.564] thr=5   paramiko.transport: Ignoring message for dead channel 0
DEB [20161205-14:42:09.564] thr=5   paramiko.transport: Ignoring message for dead channel 0
DEB [20161205-14:42:09.564] thr=5   paramiko.transport: Ignoring message for dead channel 0
DEB [20161205-14:42:09.566] thr=5   paramiko.transport: [chan 2] Max packet out: 32768 bytes
DEB [20161205-14:42:09.566] thr=5   paramiko.transport: Secsh channel 2 opened.
DEB [20161205-14:42:09.568] thr=5   paramiko.transport: Ignoring message for dead channel 1
DEB [20161205-14:42:09.568] thr=5   paramiko.transport: Ignoring message for dead channel 1
DEB [20161205-14:42:09.568] thr=5   paramiko.transport: Ignoring message for dead channel 1
DEB [20161205-14:42:09.612] thr=5   paramiko.transport: [chan 2] Sesch channel 2 request ok
DEB [20161205-14:42:10.535] thr=5   paramiko.transport: [chan 2] EOF received (2)
DEB [20161205-14:42:10.535] thr=5   paramiko.transport: [chan 2] EOF sent (2)
DEB [20161205-14:42:11.615] thr=2   paramiko.transport: [chan 3] Max packet in: 32768 bytes
DEB [20161205-14:42:11.622] thr=5   paramiko.transport: [chan 3] Max packet out: 32768 bytes
DEB [20161205-14:42:11.622] thr=5   paramiko.transport: Secsh channel 3 opened.
DEB [20161205-14:42:11.630] thr=5   paramiko.transport: [chan 3] Sesch channel 3 request ok
DEB [20161205-14:42:11.661] thr=5   paramiko.transport: [chan 3] EOF received (3)
DEB [20161205-14:42:11.662] thr=5   paramiko.transport: [chan 3] EOF sent (3)
DEB [20161205-14:42:13.634] thr=2   paramiko.transport: [chan 4] Max packet in: 32768 bytes
DEB [20161205-14:42:13.640] thr=5   paramiko.transport: [chan 4] Max packet out: 32768 bytes
DEB [20161205-14:42:13.640] thr=5   paramiko.transport: Secsh channel 4 opened.
DEB [20161205-14:42:13.648] thr=5   paramiko.transport: [chan 4] Sesch channel 4 request ok
DEB [20161205-14:42:14.524] thr=5   paramiko.transport: [chan 4] EOF received (4)
DEB [20161205-14:42:14.525] thr=5   paramiko.transport: [chan 4] EOF sent (4)
DEB [20161205-14:42:15.651] thr=2   paramiko.transport: [chan 5] Max packet in: 32768 bytes
DEB [20161205-14:42:15.657] thr=5   paramiko.transport: [chan 5] Max packet out: 32768 bytes
DEB [20161205-14:42:15.657] thr=5   paramiko.transport: Secsh channel 5 opened.
DEB [20161205-14:42:15.666] thr=5   paramiko.transport: [chan 5] Sesch channel 5 request ok
DEB [20161205-14:42:15.666] thr=2   paramiko.transport: [chan 6] Max packet in: 32768 bytes
DEB [20161205-14:42:15.671] thr=5   paramiko.transport: [chan 6] Max packet out: 32768 bytes
DEB [20161205-14:42:15.671] thr=5   paramiko.transport: Secsh channel 6 opened.
DEB [20161205-14:42:15.690] thr=5   paramiko.transport: [chan 5] EOF sent (5)
DEB [20161205-14:42:15.690] thr=5   paramiko.transport: [chan 6] Sesch channel 6 request ok
DEB [20161205-14:42:15.691] thr=2   paramiko.transport: [chan 7] Max packet in: 32768 bytes
DEB [20161205-14:42:15.757] thr=5   paramiko.transport: [chan 7] Max packet out: 32768 bytes
DEB [20161205-14:42:15.757] thr=5   paramiko.transport: Secsh channel 7 opened.
DEB [20161205-14:42:15.780] thr=5   paramiko.transport: [chan 6] EOF sent (6)
DEB [20161205-14:42:15.781] thr=5   paramiko.transport: [chan 7] Sesch channel 7 request ok
DEB [20161205-14:42:15.782] thr=2   paramiko.transport: [chan 8] Max packet in: 32768 bytes
DEB [20161205-14:42:15.834] thr=5   paramiko.transport: [chan 8] Max packet out: 32768 bytes
DEB [20161205-14:42:15.835] thr=5   paramiko.transport: Secsh channel 8 opened.
DEB [20161205-14:42:15.862] thr=5   paramiko.transport: [chan 7] EOF sent (7)
DEB [20161205-14:42:15.863] thr=5   paramiko.transport: [chan 8] Sesch channel 8 request ok
DEB [20161205-14:42:15.864] thr=2   paramiko.transport: [chan 9] Max packet in: 32768 bytes
DEB [20161205-14:42:15.907] thr=5   paramiko.transport: [chan 9] Max packet out: 32768 bytes
DEB [20161205-14:42:15.908] thr=5   paramiko.transport: Secsh channel 9 opened.
DEB [20161205-14:42:15.943] thr=5   paramiko.transport: [chan 8] EOF sent (8)
DEB [20161205-14:42:15.943] thr=5   paramiko.transport: [chan 9] Sesch channel 9 request ok
DEB [20161205-14:42:16.045] thr=5   paramiko.transport: EOF in transport thread
DEB [20161205-14:42:16.068] thr=3   paramiko.transport: starting thread (client mode): 0x340e6d0L
DEB [20161205-14:42:16.068] thr=3   paramiko.transport: Local version/idstring: SSH-2.0-paramiko_2.0.2
DEB [20161205-14:42:16.079] thr=3   paramiko.transport: Remote version/idstring: SSH-2.0-OpenSSH_6.6.1
INF [20161205-14:42:16.079] thr=3   paramiko.transport: Connected (version 2.0, client OpenSSH_6.6.1)
DEB [20161205-14:42:16.083] thr=3   paramiko.transport: kex algos:[u'curve25519-sha256@libssh.org', u'ecdh-sha2-nistp256', u'ecdh-sha2-nistp384', u'ecdh-sha2-nistp521', u'diffie-hellman-group-exchange-sha256', u'diffie-hellman-group-exchange-sha1', u'diffie-hellman-group14-sha1', u'diffie-hellman-group1-sha1'] server key:[u'ssh-rsa', u'ecdsa-sha2-nistp256', u'ssh-ed25519'] client encrypt:[u'aes128-ctr', u'aes192-ctr', u'aes256-ctr', u'arcfour256', u'arcfour128', u'aes128-gcm@openssh.com', u'aes256-gcm@openssh.com', u'chacha20-poly1305@openssh.com', u'aes128-cbc', u'3des-cbc', u'blowfish-cbc', u'cast128-cbc', u'aes192-cbc', u'aes256-cbc', u'arcfour', u'rijndael-cbc@lysator.liu.se'] server encrypt:[u'aes128-ctr', u'aes192-ctr', u'aes256-ctr', u'arcfour256', u'arcfour128', u'aes128-gcm@openssh.com', u'aes256-gcm@openssh.com', u'chacha20-poly1305@openssh.com', u'aes128-cbc', u'3des-cbc', u'blowfish-cbc', u'cast128-cbc', u'aes192-cbc', u'aes256-cbc', u'arcfour', u'rijndael-cbc@lysator.liu.se'] client mac:[u'hmac-md5-etm@openssh.com', u'hmac-sha1-etm@openssh.com', u'umac-64-etm@openssh.com', u'umac-128-etm@openssh.com', u'hmac-sha2-256-etm@openssh.com', u'hmac-sha2-512-etm@openssh.com', u'hmac-ripemd160-etm@openssh.com', u'hmac-sha1-96-etm@openssh.com', u'hmac-md5-96-etm@openssh.com', u'hmac-md5', u'hmac-sha1', u'umac-64@openssh.com', u'umac-128@openssh.com', u'hmac-sha2-256', u'hmac-sha2-512', u'hmac-ripemd160', u'hmac-ripemd160@openssh.com', u'hmac-sha1-96', u'hmac-md5-96'] server mac:[u'hmac-md5-etm@openssh.com', u'hmac-sha1-etm@openssh.com', u'umac-64-etm@openssh.com', u'umac-128-etm@openssh.com', u'hmac-sha2-256-etm@openssh.com', u'hmac-sha2-512-etm@openssh.com', u'hmac-ripemd160-etm@openssh.com', u'hmac-sha1-96-etm@openssh.com', u'hmac-md5-96-etm@openssh.com', u'hmac-md5', u'hmac-sha1', u'umac-64@openssh.com', u'umac-128@openssh.com', u'hmac-sha2-256', u'hmac-sha2-512', u'hmac-ripemd160', u'hmac-ripemd160@openssh.com', u'hmac-sha1-96', u'hmac-md5-96'] client compress:[u'none', u'zlib@openssh.com'] server compress:[u'none', u'zlib@openssh.com'] client lang:[u''] server lang:[u''] kex follows?False
DEB [20161205-14:42:16.083] thr=3   paramiko.transport: Kex agreed: diffie-hellman-group1-sha1
DEB [20161205-14:42:16.083] thr=3   paramiko.transport: Cipher agreed: aes128-ctr
DEB [20161205-14:42:16.083] thr=3   paramiko.transport: MAC agreed: hmac-sha2-256
DEB [20161205-14:42:16.083] thr=3   paramiko.transport: Compression agreed: none
DEB [20161205-14:42:16.137] thr=3   paramiko.transport: kex engine KexGroup1 specified hash_algo <built-in function openssl_sha1>
DEB [20161205-14:42:16.138] thr=3   paramiko.transport: Switch to new keys ...
DEB [20161205-14:42:16.143] thr=2   paramiko.transport: Adding ssh-rsa host key for 172.22.148.239: b581d36c44a1880630250515e0e729c2
DEB [20161205-14:42:16.144] thr=2   paramiko.transport: Trying discovered key dc18384c6fe2185f571203fb3e808615 in /Users/TianhangSun/.ssh/id_rsa
DEB [20161205-14:42:16.181] thr=3   paramiko.transport: userauth is OK
INF [20161205-14:42:16.219] thr=3   paramiko.transport: Authentication (publickey) successful!
DEB [20161205-14:42:16.246] thr=2   paramiko.transport: [chan 0] Max packet in: 32768 bytes
DEB [20161205-14:42:16.329] thr=3   paramiko.transport: [chan 0] Max packet out: 32768 bytes
DEB [20161205-14:42:16.329] thr=3   paramiko.transport: Secsh channel 0 opened.
DEB [20161205-14:42:16.357] thr=3   paramiko.transport: [chan 0] Sesch channel 0 request ok
DEB [20161205-14:42:16.358] thr=2   paramiko.transport: [chan 1] Max packet in: 32768 bytes
DEB [20161205-14:42:16.365] thr=3   paramiko.transport: [chan 1] Max packet out: 32768 bytes
DEB [20161205-14:42:16.365] thr=3   paramiko.transport: Secsh channel 1 opened.
DEB [20161205-14:42:16.386] thr=3   paramiko.transport: [chan 0] EOF sent (0)
DEB [20161205-14:42:16.387] thr=3   paramiko.transport: [chan 1] Sesch channel 1 request ok
DEB [20161205-14:42:16.388] thr=2   paramiko.transport: [chan 2] Max packet in: 32768 bytes
DEB [20161205-14:42:16.406] thr=3   paramiko.transport: [chan 1] EOF sent (1)
DEB [20161205-14:42:16.407] thr=3   paramiko.transport: Ignoring message for dead channel 0
DEB [20161205-14:42:16.407] thr=3   paramiko.transport: Ignoring message for dead channel 0
DEB [20161205-14:42:16.407] thr=3   paramiko.transport: Ignoring message for dead channel 0
DEB [20161205-14:42:16.410] thr=3   paramiko.transport: [chan 2] Max packet out: 32768 bytes
DEB [20161205-14:42:16.410] thr=3   paramiko.transport: Secsh channel 2 opened.
DEB [20161205-14:42:16.417] thr=3   paramiko.transport: Ignoring message for dead channel 1
DEB [20161205-14:42:16.418] thr=3   paramiko.transport: Ignoring message for dead channel 1
DEB [20161205-14:42:16.431] thr=3   paramiko.transport: [chan 2] Sesch channel 2 request ok
DEB [20161205-14:42:17.166] thr=3   paramiko.transport: [chan 2] EOF received (2)
DEB [20161205-14:42:17.167] thr=3   paramiko.transport: [chan 2] EOF sent (2)
DEB [20161205-14:42:18.437] thr=2   paramiko.transport: [chan 3] Max packet in: 32768 bytes
DEB [20161205-14:42:18.443] thr=3   paramiko.transport: [chan 3] Max packet out: 32768 bytes
DEB [20161205-14:42:18.443] thr=3   paramiko.transport: Secsh channel 3 opened.
DEB [20161205-14:42:18.451] thr=3   paramiko.transport: [chan 3] Sesch channel 3 request ok
DEB [20161205-14:42:18.465] thr=3   paramiko.transport: [chan 3] EOF received (3)
DEB [20161205-14:42:18.466] thr=3   paramiko.transport: [chan 3] EOF sent (3)
DEB [20161205-14:42:20.454] thr=2   paramiko.transport: [chan 4] Max packet in: 32768 bytes
DEB [20161205-14:42:20.457] thr=3   paramiko.transport: [chan 4] Max packet out: 32768 bytes
DEB [20161205-14:42:20.457] thr=3   paramiko.transport: Secsh channel 4 opened.
DEB [20161205-14:42:20.463] thr=3   paramiko.transport: [chan 4] Sesch channel 4 request ok
DEB [20161205-14:42:21.453] thr=3   paramiko.transport: [chan 4] EOF received (4)
DEB [20161205-14:42:21.453] thr=3   paramiko.transport: [chan 4] EOF sent (4)
DEB [20161205-14:42:22.467] thr=2   paramiko.transport: [chan 5] Max packet in: 32768 bytes
DEB [20161205-14:42:22.471] thr=3   paramiko.transport: [chan 5] Max packet out: 32768 bytes
DEB [20161205-14:42:22.471] thr=3   paramiko.transport: Secsh channel 5 opened.
DEB [20161205-14:42:22.482] thr=3   paramiko.transport: [chan 5] Sesch channel 5 request ok
DEB [20161205-14:42:22.483] thr=2   paramiko.transport: [chan 6] Max packet in: 32768 bytes
DEB [20161205-14:42:22.488] thr=3   paramiko.transport: [chan 6] Max packet out: 32768 bytes
DEB [20161205-14:42:22.488] thr=3   paramiko.transport: Secsh channel 6 opened.
DEB [20161205-14:42:22.509] thr=3   paramiko.transport: [chan 5] EOF sent (5)
DEB [20161205-14:42:22.509] thr=3   paramiko.transport: [chan 6] Sesch channel 6 request ok
DEB [20161205-14:42:22.510] thr=2   paramiko.transport: [chan 7] Max packet in: 32768 bytes
DEB [20161205-14:42:22.833] thr=3   paramiko.transport: [chan 7] Max packet out: 32768 bytes
DEB [20161205-14:42:22.833] thr=3   paramiko.transport: Secsh channel 7 opened.
DEB [20161205-14:42:22.852] thr=3   paramiko.transport: [chan 6] EOF sent (6)
DEB [20161205-14:42:22.853] thr=3   paramiko.transport: [chan 7] Sesch channel 7 request ok
DEB [20161205-14:42:22.854] thr=2   paramiko.transport: [chan 8] Max packet in: 32768 bytes
DEB [20161205-14:42:23.268] thr=3   paramiko.transport: [chan 8] Max packet out: 32768 bytes
DEB [20161205-14:42:23.268] thr=3   paramiko.transport: Secsh channel 8 opened.
DEB [20161205-14:42:23.289] thr=3   paramiko.transport: [chan 7] EOF sent (7)
DEB [20161205-14:42:23.290] thr=3   paramiko.transport: [chan 8] Sesch channel 8 request ok
DEB [20161205-14:42:23.290] thr=2   paramiko.transport: [chan 9] Max packet in: 32768 bytes
DEB [20161205-14:42:23.335] thr=3   paramiko.transport: [chan 9] Max packet out: 32768 bytes
DEB [20161205-14:42:23.335] thr=3   paramiko.transport: Secsh channel 9 opened.
DEB [20161205-14:42:23.945] thr=3   paramiko.transport: [chan 8] EOF sent (8)
DEB [20161205-14:42:23.946] thr=3   paramiko.transport: [chan 9] Sesch channel 9 request ok
DEB [20161205-14:42:24.051] thr=3   paramiko.transport: EOF in transport thread
DEB [20161205-14:42:24.077] thr=4   paramiko.transport: starting thread (client mode): 0x535c90L
DEB [20161205-14:42:24.078] thr=4   paramiko.transport: Local version/idstring: SSH-2.0-paramiko_2.0.2
DEB [20161205-14:42:24.093] thr=4   paramiko.transport: Remote version/idstring: SSH-2.0-OpenSSH_6.6.1
INF [20161205-14:42:24.093] thr=4   paramiko.transport: Connected (version 2.0, client OpenSSH_6.6.1)
DEB [20161205-14:42:24.101] thr=4   paramiko.transport: kex algos:[u'curve25519-sha256@libssh.org', u'ecdh-sha2-nistp256', u'ecdh-sha2-nistp384', u'ecdh-sha2-nistp521', u'diffie-hellman-group-exchange-sha256', u'diffie-hellman-group-exchange-sha1', u'diffie-hellman-group14-sha1', u'diffie-hellman-group1-sha1'] server key:[u'ssh-rsa', u'ecdsa-sha2-nistp256', u'ssh-ed25519'] client encrypt:[u'aes128-ctr', u'aes192-ctr', u'aes256-ctr', u'arcfour256', u'arcfour128', u'aes128-gcm@openssh.com', u'aes256-gcm@openssh.com', u'chacha20-poly1305@openssh.com', u'aes128-cbc', u'3des-cbc', u'blowfish-cbc', u'cast128-cbc', u'aes192-cbc', u'aes256-cbc', u'arcfour', u'rijndael-cbc@lysator.liu.se'] server encrypt:[u'aes128-ctr', u'aes192-ctr', u'aes256-ctr', u'arcfour256', u'arcfour128', u'aes128-gcm@openssh.com', u'aes256-gcm@openssh.com', u'chacha20-poly1305@openssh.com', u'aes128-cbc', u'3des-cbc', u'blowfish-cbc', u'cast128-cbc', u'aes192-cbc', u'aes256-cbc', u'arcfour', u'rijndael-cbc@lysator.liu.se'] client mac:[u'hmac-md5-etm@openssh.com', u'hmac-sha1-etm@openssh.com', u'umac-64-etm@openssh.com', u'umac-128-etm@openssh.com', u'hmac-sha2-256-etm@openssh.com', u'hmac-sha2-512-etm@openssh.com', u'hmac-ripemd160-etm@openssh.com', u'hmac-sha1-96-etm@openssh.com', u'hmac-md5-96-etm@openssh.com', u'hmac-md5', u'hmac-sha1', u'umac-64@openssh.com', u'umac-128@openssh.com', u'hmac-sha2-256', u'hmac-sha2-512', u'hmac-ripemd160', u'hmac-ripemd160@openssh.com', u'hmac-sha1-96', u'hmac-md5-96'] server mac:[u'hmac-md5-etm@openssh.com', u'hmac-sha1-etm@openssh.com', u'umac-64-etm@openssh.com', u'umac-128-etm@openssh.com', u'hmac-sha2-256-etm@openssh.com', u'hmac-sha2-512-etm@openssh.com', u'hmac-ripemd160-etm@openssh.com', u'hmac-sha1-96-etm@openssh.com', u'hmac-md5-96-etm@openssh.com', u'hmac-md5', u'hmac-sha1', u'umac-64@openssh.com', u'umac-128@openssh.com', u'hmac-sha2-256', u'hmac-sha2-512', u'hmac-ripemd160', u'hmac-ripemd160@openssh.com', u'hmac-sha1-96', u'hmac-md5-96'] client compress:[u'none', u'zlib@openssh.com'] server compress:[u'none', u'zlib@openssh.com'] client lang:[u''] server lang:[u''] kex follows?False
DEB [20161205-14:42:24.101] thr=4   paramiko.transport: Kex agreed: diffie-hellman-group1-sha1
DEB [20161205-14:42:24.101] thr=4   paramiko.transport: Cipher agreed: aes128-ctr
DEB [20161205-14:42:24.101] thr=4   paramiko.transport: MAC agreed: hmac-sha2-256
DEB [20161205-14:42:24.101] thr=4   paramiko.transport: Compression agreed: none
DEB [20161205-14:42:24.121] thr=4   paramiko.transport: kex engine KexGroup1 specified hash_algo <built-in function openssl_sha1>
DEB [20161205-14:42:24.121] thr=4   paramiko.transport: Switch to new keys ...
DEB [20161205-14:42:24.147] thr=2   paramiko.transport: Adding ssh-rsa host key for 172.22.148.240: d3b33342497a00baee1c5eabf959d4aa
DEB [20161205-14:42:24.148] thr=2   paramiko.transport: Trying discovered key dc18384c6fe2185f571203fb3e808615 in /Users/TianhangSun/.ssh/id_rsa
DEB [20161205-14:42:24.166] thr=4   paramiko.transport: userauth is OK
INF [20161205-14:42:24.235] thr=4   paramiko.transport: Authentication (publickey) successful!
DEB [20161205-14:42:24.251] thr=2   paramiko.transport: [chan 0] Max packet in: 32768 bytes
DEB [20161205-14:42:24.363] thr=4   paramiko.transport: [chan 0] Max packet out: 32768 bytes
DEB [20161205-14:42:24.363] thr=4   paramiko.transport: Secsh channel 0 opened.
DEB [20161205-14:42:24.372] thr=4   paramiko.transport: [chan 0] Sesch channel 0 request ok
DEB [20161205-14:42:24.373] thr=2   paramiko.transport: [chan 1] Max packet in: 32768 bytes
DEB [20161205-14:42:24.376] thr=4   paramiko.transport: [chan 1] Max packet out: 32768 bytes
DEB [20161205-14:42:24.376] thr=4   paramiko.transport: Secsh channel 1 opened.
DEB [20161205-14:42:24.381] thr=4   paramiko.transport: [chan 0] EOF sent (0)
DEB [20161205-14:42:24.382] thr=4   paramiko.transport: [chan 1] Sesch channel 1 request ok
DEB [20161205-14:42:24.383] thr=2   paramiko.transport: [chan 2] Max packet in: 32768 bytes
DEB [20161205-14:42:24.427] thr=4   paramiko.transport: [chan 1] EOF sent (1)
DEB [20161205-14:42:24.427] thr=4   paramiko.transport: Ignoring message for dead channel 0
DEB [20161205-14:42:24.428] thr=4   paramiko.transport: Ignoring message for dead channel 0
DEB [20161205-14:42:24.428] thr=4   paramiko.transport: Ignoring message for dead channel 0
DEB [20161205-14:42:24.430] thr=4   paramiko.transport: Ignoring message for dead channel 1
DEB [20161205-14:42:24.430] thr=4   paramiko.transport: Ignoring message for dead channel 1
DEB [20161205-14:42:24.430] thr=4   paramiko.transport: Ignoring message for dead channel 1
DEB [20161205-14:42:24.431] thr=4   paramiko.transport: [chan 2] Max packet out: 32768 bytes
DEB [20161205-14:42:24.431] thr=4   paramiko.transport: Secsh channel 2 opened.
DEB [20161205-14:42:24.479] thr=4   paramiko.transport: [chan 2] Sesch channel 2 request ok
DEB [20161205-14:42:25.410] thr=4   paramiko.transport: [chan 2] EOF received (2)
DEB [20161205-14:42:25.410] thr=4   paramiko.transport: [chan 2] EOF sent (2)
DEB [20161205-14:42:26.485] thr=2   paramiko.transport: [chan 3] Max packet in: 32768 bytes
DEB [20161205-14:42:26.491] thr=4   paramiko.transport: [chan 3] Max packet out: 32768 bytes
DEB [20161205-14:42:26.491] thr=4   paramiko.transport: Secsh channel 3 opened.
DEB [20161205-14:42:26.499] thr=4   paramiko.transport: [chan 3] Sesch channel 3 request ok
DEB [20161205-14:42:26.530] thr=4   paramiko.transport: [chan 3] EOF received (3)
DEB [20161205-14:42:26.531] thr=4   paramiko.transport: [chan 3] EOF sent (3)
DEB [20161205-14:42:28.500] thr=2   paramiko.transport: [chan 4] Max packet in: 32768 bytes
DEB [20161205-14:42:28.506] thr=4   paramiko.transport: [chan 4] Max packet out: 32768 bytes
DEB [20161205-14:42:28.506] thr=4   paramiko.transport: Secsh channel 4 opened.
DEB [20161205-14:42:28.514] thr=4   paramiko.transport: [chan 4] Sesch channel 4 request ok
DEB [20161205-14:42:29.480] thr=4   paramiko.transport: [chan 4] EOF received (4)
DEB [20161205-14:42:29.481] thr=4   paramiko.transport: [chan 4] EOF sent (4)
DEB [20161205-14:42:30.515] thr=2   paramiko.transport: [chan 5] Max packet in: 32768 bytes
DEB [20161205-14:42:30.519] thr=4   paramiko.transport: [chan 5] Max packet out: 32768 bytes
DEB [20161205-14:42:30.519] thr=4   paramiko.transport: Secsh channel 5 opened.
DEB [20161205-14:42:30.529] thr=4   paramiko.transport: [chan 5] Sesch channel 5 request ok
DEB [20161205-14:42:30.530] thr=2   paramiko.transport: [chan 6] Max packet in: 32768 bytes
DEB [20161205-14:42:30.536] thr=4   paramiko.transport: [chan 6] Max packet out: 32768 bytes
DEB [20161205-14:42:30.536] thr=4   paramiko.transport: Secsh channel 6 opened.
DEB [20161205-14:42:30.564] thr=4   paramiko.transport: [chan 5] EOF sent (5)
DEB [20161205-14:42:30.565] thr=4   paramiko.transport: [chan 6] Sesch channel 6 request ok
DEB [20161205-14:42:30.565] thr=2   paramiko.transport: [chan 7] Max packet in: 32768 bytes
DEB [20161205-14:42:30.882] thr=4   paramiko.transport: [chan 7] Max packet out: 32768 bytes
DEB [20161205-14:42:30.882] thr=4   paramiko.transport: Secsh channel 7 opened.
DEB [20161205-14:42:30.890] thr=4   paramiko.transport: [chan 6] EOF sent (6)
DEB [20161205-14:42:30.891] thr=4   paramiko.transport: [chan 7] Sesch channel 7 request ok
DEB [20161205-14:42:30.891] thr=2   paramiko.transport: [chan 8] Max packet in: 32768 bytes
DEB [20161205-14:42:30.940] thr=4   paramiko.transport: [chan 8] Max packet out: 32768 bytes
DEB [20161205-14:42:30.940] thr=4   paramiko.transport: Secsh channel 8 opened.
DEB [20161205-14:42:30.965] thr=4   paramiko.transport: [chan 7] EOF sent (7)
DEB [20161205-14:42:30.966] thr=4   paramiko.transport: [chan 8] Sesch channel 8 request ok
DEB [20161205-14:42:30.966] thr=2   paramiko.transport: [chan 9] Max packet in: 32768 bytes
DEB [20161205-14:42:31.013] thr=4   paramiko.transport: [chan 9] Max packet out: 32768 bytes
DEB [20161205-14:42:31.014] thr=4   paramiko.transport: Secsh channel 9 opened.
DEB [20161205-14:42:31.622] thr=4   paramiko.transport: [chan 8] EOF sent (8)
DEB [20161205-14:42:31.623] thr=4   paramiko.transport: [chan 9] Sesch channel 9 request ok
DEB [20161205-14:42:31.724] thr=4   paramiko.transport: EOF in transport thread
DEB [20161205-14:42:31.749] thr=5   paramiko.transport: starting thread (client mode): 0x3395a10L
DEB [20161205-14:42:31.749] thr=5   paramiko.transport: Local version/idstring: SSH-2.0-paramiko_2.0.2
DEB [20161205-14:42:31.761] thr=5   paramiko.transport: Remote version/idstring: SSH-2.0-OpenSSH_6.6.1
INF [20161205-14:42:31.761] thr=5   paramiko.transport: Connected (version 2.0, client OpenSSH_6.6.1)
DEB [20161205-14:42:31.764] thr=5   paramiko.transport: kex algos:[u'curve25519-sha256@libssh.org', u'ecdh-sha2-nistp256', u'ecdh-sha2-nistp384', u'ecdh-sha2-nistp521', u'diffie-hellman-group-exchange-sha256', u'diffie-hellman-group-exchange-sha1', u'diffie-hellman-group14-sha1', u'diffie-hellman-group1-sha1'] server key:[u'ssh-rsa', u'ecdsa-sha2-nistp256', u'ssh-ed25519'] client encrypt:[u'aes128-ctr', u'aes192-ctr', u'aes256-ctr', u'arcfour256', u'arcfour128', u'aes128-gcm@openssh.com', u'aes256-gcm@openssh.com', u'chacha20-poly1305@openssh.com', u'aes128-cbc', u'3des-cbc', u'blowfish-cbc', u'cast128-cbc', u'aes192-cbc', u'aes256-cbc', u'arcfour', u'rijndael-cbc@lysator.liu.se'] server encrypt:[u'aes128-ctr', u'aes192-ctr', u'aes256-ctr', u'arcfour256', u'arcfour128', u'aes128-gcm@openssh.com', u'aes256-gcm@openssh.com', u'chacha20-poly1305@openssh.com', u'aes128-cbc', u'3des-cbc', u'blowfish-cbc', u'cast128-cbc', u'aes192-cbc', u'aes256-cbc', u'arcfour', u'rijndael-cbc@lysator.liu.se'] client mac:[u'hmac-md5-etm@openssh.com', u'hmac-sha1-etm@openssh.com', u'umac-64-etm@openssh.com', u'umac-128-etm@openssh.com', u'hmac-sha2-256-etm@openssh.com', u'hmac-sha2-512-etm@openssh.com', u'hmac-ripemd160-etm@openssh.com', u'hmac-sha1-96-etm@openssh.com', u'hmac-md5-96-etm@openssh.com', u'hmac-md5', u'hmac-sha1', u'umac-64@openssh.com', u'umac-128@openssh.com', u'hmac-sha2-256', u'hmac-sha2-512', u'hmac-ripemd160', u'hmac-ripemd160@openssh.com', u'hmac-sha1-96', u'hmac-md5-96'] server mac:[u'hmac-md5-etm@openssh.com', u'hmac-sha1-etm@openssh.com', u'umac-64-etm@openssh.com', u'umac-128-etm@openssh.com', u'hmac-sha2-256-etm@openssh.com', u'hmac-sha2-512-etm@openssh.com', u'hmac-ripemd160-etm@openssh.com', u'hmac-sha1-96-etm@openssh.com', u'hmac-md5-96-etm@openssh.com', u'hmac-md5', u'hmac-sha1', u'umac-64@openssh.com', u'umac-128@openssh.com', u'hmac-sha2-256', u'hmac-sha2-512', u'hmac-ripemd160', u'hmac-ripemd160@openssh.com', u'hmac-sha1-96', u'hmac-md5-96'] client compress:[u'none', u'zlib@openssh.com'] server compress:[u'none', u'zlib@openssh.com'] client lang:[u''] server lang:[u''] kex follows?False
DEB [20161205-14:42:31.765] thr=5   paramiko.transport: Kex agreed: diffie-hellman-group1-sha1
DEB [20161205-14:42:31.765] thr=5   paramiko.transport: Cipher agreed: aes128-ctr
DEB [20161205-14:42:31.765] thr=5   paramiko.transport: MAC agreed: hmac-sha2-256
DEB [20161205-14:42:31.765] thr=5   paramiko.transport: Compression agreed: none
DEB [20161205-14:42:31.819] thr=5   paramiko.transport: kex engine KexGroup1 specified hash_algo <built-in function openssl_sha1>
DEB [20161205-14:42:31.819] thr=5   paramiko.transport: Switch to new keys ...
DEB [20161205-14:42:31.824] thr=2   paramiko.transport: Adding ssh-rsa host key for 172.22.148.241: 41434af61998a8306fd47599fd17d18a
DEB [20161205-14:42:31.825] thr=2   paramiko.transport: Trying discovered key dc18384c6fe2185f571203fb3e808615 in /Users/TianhangSun/.ssh/id_rsa
DEB [20161205-14:42:31.864] thr=5   paramiko.transport: userauth is OK
INF [20161205-14:42:31.905] thr=5   paramiko.transport: Authentication (publickey) successful!
DEB [20161205-14:42:31.928] thr=2   paramiko.transport: [chan 0] Max packet in: 32768 bytes
DEB [20161205-14:42:32.031] thr=5   paramiko.transport: [chan 0] Max packet out: 32768 bytes
DEB [20161205-14:42:32.031] thr=5   paramiko.transport: Secsh channel 0 opened.
DEB [20161205-14:42:32.042] thr=5   paramiko.transport: [chan 0] Sesch channel 0 request ok
DEB [20161205-14:42:32.042] thr=2   paramiko.transport: [chan 1] Max packet in: 32768 bytes
DEB [20161205-14:42:32.048] thr=5   paramiko.transport: [chan 1] Max packet out: 32768 bytes
DEB [20161205-14:42:32.048] thr=5   paramiko.transport: Secsh channel 1 opened.
DEB [20161205-14:42:32.065] thr=5   paramiko.transport: [chan 0] EOF sent (0)
DEB [20161205-14:42:32.066] thr=5   paramiko.transport: [chan 1] Sesch channel 1 request ok
DEB [20161205-14:42:32.067] thr=2   paramiko.transport: [chan 2] Max packet in: 32768 bytes
DEB [20161205-14:42:32.067] thr=5   paramiko.transport: [chan 1] EOF sent (1)
DEB [20161205-14:42:32.068] thr=5   paramiko.transport: Ignoring message for dead channel 0
DEB [20161205-14:42:32.068] thr=5   paramiko.transport: Ignoring message for dead channel 0
DEB [20161205-14:42:32.068] thr=5   paramiko.transport: Ignoring message for dead channel 0
DEB [20161205-14:42:32.075] thr=5   paramiko.transport: Ignoring message for dead channel 1
DEB [20161205-14:42:32.075] thr=5   paramiko.transport: Ignoring message for dead channel 1
DEB [20161205-14:42:32.075] thr=5   paramiko.transport: Ignoring message for dead channel 1
DEB [20161205-14:42:32.077] thr=5   paramiko.transport: [chan 2] Max packet out: 32768 bytes
DEB [20161205-14:42:32.077] thr=5   paramiko.transport: Secsh channel 2 opened.
DEB [20161205-14:42:32.094] thr=5   paramiko.transport: [chan 2] Sesch channel 2 request ok
DEB [20161205-14:42:33.070] thr=5   paramiko.transport: [chan 2] EOF received (2)
DEB [20161205-14:42:33.070] thr=5   paramiko.transport: [chan 2] EOF sent (2)
DEB [20161205-14:42:34.100] thr=2   paramiko.transport: [chan 3] Max packet in: 32768 bytes
DEB [20161205-14:42:34.104] thr=5   paramiko.transport: [chan 3] Max packet out: 32768 bytes
DEB [20161205-14:42:34.104] thr=5   paramiko.transport: Secsh channel 3 opened.
DEB [20161205-14:42:34.114] thr=5   paramiko.transport: [chan 3] Sesch channel 3 request ok
DEB [20161205-14:42:34.130] thr=5   paramiko.transport: [chan 3] EOF received (3)
DEB [20161205-14:42:34.130] thr=5   paramiko.transport: [chan 3] EOF sent (3)
DEB [20161205-14:42:36.120] thr=2   paramiko.transport: [chan 4] Max packet in: 32768 bytes
DEB [20161205-14:42:36.127] thr=5   paramiko.transport: [chan 4] Max packet out: 32768 bytes
DEB [20161205-14:42:36.127] thr=5   paramiko.transport: Secsh channel 4 opened.
DEB [20161205-14:42:36.135] thr=5   paramiko.transport: [chan 4] Sesch channel 4 request ok
DEB [20161205-14:42:37.130] thr=5   paramiko.transport: [chan 4] EOF received (4)
DEB [20161205-14:42:37.131] thr=5   paramiko.transport: [chan 4] EOF sent (4)
DEB [20161205-14:42:38.141] thr=2   paramiko.transport: [chan 5] Max packet in: 32768 bytes
DEB [20161205-14:42:38.148] thr=5   paramiko.transport: [chan 5] Max packet out: 32768 bytes
DEB [20161205-14:42:38.148] thr=5   paramiko.transport: Secsh channel 5 opened.
DEB [20161205-14:42:38.157] thr=5   paramiko.transport: [chan 5] Sesch channel 5 request ok
DEB [20161205-14:42:38.158] thr=2   paramiko.transport: [chan 6] Max packet in: 32768 bytes
DEB [20161205-14:42:38.164] thr=5   paramiko.transport: [chan 6] Max packet out: 32768 bytes
DEB [20161205-14:42:38.164] thr=5   paramiko.transport: Secsh channel 6 opened.
DEB [20161205-14:42:38.181] thr=5   paramiko.transport: [chan 5] EOF sent (5)
DEB [20161205-14:42:38.181] thr=5   paramiko.transport: [chan 6] Sesch channel 6 request ok
DEB [20161205-14:42:38.182] thr=2   paramiko.transport: [chan 7] Max packet in: 32768 bytes
DEB [20161205-14:42:38.241] thr=5   paramiko.transport: [chan 7] Max packet out: 32768 bytes
DEB [20161205-14:42:38.241] thr=5   paramiko.transport: Secsh channel 7 opened.
DEB [20161205-14:42:38.265] thr=5   paramiko.transport: [chan 6] EOF sent (6)
DEB [20161205-14:42:38.266] thr=5   paramiko.transport: [chan 7] Sesch channel 7 request ok
DEB [20161205-14:42:38.266] thr=2   paramiko.transport: [chan 8] Max packet in: 32768 bytes
DEB [20161205-14:42:38.323] thr=5   paramiko.transport: [chan 8] Max packet out: 32768 bytes
DEB [20161205-14:42:38.323] thr=5   paramiko.transport: Secsh channel 8 opened.
DEB [20161205-14:42:38.360] thr=5   paramiko.transport: [chan 7] EOF sent (7)
DEB [20161205-14:42:38.360] thr=5   paramiko.transport: [chan 8] Sesch channel 8 request ok
DEB [20161205-14:42:38.361] thr=2   paramiko.transport: [chan 9] Max packet in: 32768 bytes
DEB [20161205-14:42:38.415] thr=5   paramiko.transport: [chan 9] Max packet out: 32768 bytes
DEB [20161205-14:42:38.415] thr=5   paramiko.transport: Secsh channel 9 opened.
DEB [20161205-14:42:38.452] thr=5   paramiko.transport: [chan 8] EOF sent (8)
DEB [20161205-14:42:38.452] thr=5   paramiko.transport: [chan 9] Sesch channel 9 request ok
DEB [20161205-14:42:38.556] thr=5   paramiko.transport: EOF in transport thread
DEB [20161205-14:42:38.589] thr=6   paramiko.transport: starting thread (client mode): 0x32e0550L
DEB [20161205-14:42:38.589] thr=6   paramiko.transport: Local version/idstring: SSH-2.0-paramiko_2.0.2
DEB [20161205-14:42:38.605] thr=6   paramiko.transport: Remote version/idstring: SSH-2.0-OpenSSH_6.6.1
INF [20161205-14:42:38.606] thr=6   paramiko.transport: Connected (version 2.0, client OpenSSH_6.6.1)
DEB [20161205-14:42:38.610] thr=6   paramiko.transport: kex algos:[u'curve25519-sha256@libssh.org', u'ecdh-sha2-nistp256', u'ecdh-sha2-nistp384', u'ecdh-sha2-nistp521', u'diffie-hellman-group-exchange-sha256', u'diffie-hellman-group-exchange-sha1', u'diffie-hellman-group14-sha1', u'diffie-hellman-group1-sha1'] server key:[u'ssh-rsa', u'ecdsa-sha2-nistp256', u'ssh-ed25519'] client encrypt:[u'aes128-ctr', u'aes192-ctr', u'aes256-ctr', u'arcfour256', u'arcfour128', u'aes128-gcm@openssh.com', u'aes256-gcm@openssh.com', u'chacha20-poly1305@openssh.com', u'aes128-cbc', u'3des-cbc', u'blowfish-cbc', u'cast128-cbc', u'aes192-cbc', u'aes256-cbc', u'arcfour', u'rijndael-cbc@lysator.liu.se'] server encrypt:[u'aes128-ctr', u'aes192-ctr', u'aes256-ctr', u'arcfour256', u'arcfour128', u'aes128-gcm@openssh.com', u'aes256-gcm@openssh.com', u'chacha20-poly1305@openssh.com', u'aes128-cbc', u'3des-cbc', u'blowfish-cbc', u'cast128-cbc', u'aes192-cbc', u'aes256-cbc', u'arcfour', u'rijndael-cbc@lysator.liu.se'] client mac:[u'hmac-md5-etm@openssh.com', u'hmac-sha1-etm@openssh.com', u'umac-64-etm@openssh.com', u'umac-128-etm@openssh.com', u'hmac-sha2-256-etm@openssh.com', u'hmac-sha2-512-etm@openssh.com', u'hmac-ripemd160-etm@openssh.com', u'hmac-sha1-96-etm@openssh.com', u'hmac-md5-96-etm@openssh.com', u'hmac-md5', u'hmac-sha1', u'umac-64@openssh.com', u'umac-128@openssh.com', u'hmac-sha2-256', u'hmac-sha2-512', u'hmac-ripemd160', u'hmac-ripemd160@openssh.com', u'hmac-sha1-96', u'hmac-md5-96'] server mac:[u'hmac-md5-etm@openssh.com', u'hmac-sha1-etm@openssh.com', u'umac-64-etm@openssh.com', u'umac-128-etm@openssh.com', u'hmac-sha2-256-etm@openssh.com', u'hmac-sha2-512-etm@openssh.com', u'hmac-ripemd160-etm@openssh.com', u'hmac-sha1-96-etm@openssh.com', u'hmac-md5-96-etm@openssh.com', u'hmac-md5', u'hmac-sha1', u'umac-64@openssh.com', u'umac-128@openssh.com', u'hmac-sha2-256', u'hmac-sha2-512', u'hmac-ripemd160', u'hmac-ripemd160@openssh.com', u'hmac-sha1-96', u'hmac-md5-96'] client compress:[u'none', u'zlib@openssh.com'] server compress:[u'none', u'zlib@openssh.com'] client lang:[u''] server lang:[u''] kex follows?False
DEB [20161205-14:42:38.610] thr=6   paramiko.transport: Kex agreed: diffie-hellman-group1-sha1
DEB [20161205-14:42:38.610] thr=6   paramiko.transport: Cipher agreed: aes128-ctr
DEB [20161205-14:42:38.611] thr=6   paramiko.transport: MAC agreed: hmac-sha2-256
DEB [20161205-14:42:38.611] thr=6   paramiko.transport: Compression agreed: none
DEB [20161205-14:42:38.668] thr=6   paramiko.transport: kex engine KexGroup1 specified hash_algo <built-in function openssl_sha1>
DEB [20161205-14:42:38.669] thr=6   paramiko.transport: Switch to new keys ...
DEB [20161205-14:42:38.691] thr=2   paramiko.transport: Adding ssh-rsa host key for 172.22.148.242: 9978abd430ec93bf40a40b78270df443
DEB [20161205-14:42:38.693] thr=2   paramiko.transport: Trying discovered key dc18384c6fe2185f571203fb3e808615 in /Users/TianhangSun/.ssh/id_rsa
DEB [20161205-14:42:38.715] thr=6   paramiko.transport: userauth is OK
INF [20161205-14:42:38.755] thr=6   paramiko.transport: Authentication (publickey) successful!
DEB [20161205-14:42:38.769] thr=2   paramiko.transport: [chan 0] Max packet in: 32768 bytes
DEB [20161205-14:42:38.866] thr=6   paramiko.transport: [chan 0] Max packet out: 32768 bytes
DEB [20161205-14:42:38.866] thr=6   paramiko.transport: Secsh channel 0 opened.
DEB [20161205-14:42:38.880] thr=6   paramiko.transport: [chan 0] Sesch channel 0 request ok
DEB [20161205-14:42:38.880] thr=2   paramiko.transport: [chan 1] Max packet in: 32768 bytes
DEB [20161205-14:42:38.886] thr=6   paramiko.transport: [chan 1] Max packet out: 32768 bytes
DEB [20161205-14:42:38.886] thr=6   paramiko.transport: Secsh channel 1 opened.
DEB [20161205-14:42:38.894] thr=6   paramiko.transport: [chan 0] EOF sent (0)
DEB [20161205-14:42:38.895] thr=6   paramiko.transport: [chan 1] Sesch channel 1 request ok
DEB [20161205-14:42:38.895] thr=2   paramiko.transport: [chan 2] Max packet in: 32768 bytes
DEB [20161205-14:42:38.919] thr=6   paramiko.transport: [chan 1] EOF sent (1)
DEB [20161205-14:42:38.919] thr=6   paramiko.transport: Ignoring message for dead channel 0
DEB [20161205-14:42:38.920] thr=6   paramiko.transport: Ignoring message for dead channel 0
DEB [20161205-14:42:38.920] thr=6   paramiko.transport: Ignoring message for dead channel 0
DEB [20161205-14:42:38.924] thr=6   paramiko.transport: Ignoring message for dead channel 1
DEB [20161205-14:42:38.924] thr=6   paramiko.transport: [chan 2] Max packet out: 32768 bytes
DEB [20161205-14:42:38.924] thr=6   paramiko.transport: Secsh channel 2 opened.
DEB [20161205-14:42:38.924] thr=6   paramiko.transport: Ignoring message for dead channel 1
DEB [20161205-14:42:38.925] thr=6   paramiko.transport: Ignoring message for dead channel 1
DEB [20161205-14:42:38.973] thr=6   paramiko.transport: [chan 2] Sesch channel 2 request ok
DEB [20161205-14:42:39.969] thr=6   paramiko.transport: [chan 2] EOF received (2)
DEB [20161205-14:42:39.970] thr=6   paramiko.transport: [chan 2] EOF sent (2)
DEB [20161205-14:42:40.979] thr=2   paramiko.transport: [chan 3] Max packet in: 32768 bytes
DEB [20161205-14:42:40.985] thr=6   paramiko.transport: [chan 3] Max packet out: 32768 bytes
DEB [20161205-14:42:40.985] thr=6   paramiko.transport: Secsh channel 3 opened.
DEB [20161205-14:42:40.994] thr=6   paramiko.transport: [chan 3] Sesch channel 3 request ok
DEB [20161205-14:42:41.016] thr=6   paramiko.transport: [chan 3] EOF received (3)
DEB [20161205-14:42:41.016] thr=6   paramiko.transport: [chan 3] EOF sent (3)
DEB [20161205-14:42:42.997] thr=2   paramiko.transport: [chan 4] Max packet in: 32768 bytes
DEB [20161205-14:42:43.003] thr=6   paramiko.transport: [chan 4] Max packet out: 32768 bytes
DEB [20161205-14:42:43.003] thr=6   paramiko.transport: Secsh channel 4 opened.
DEB [20161205-14:42:43.011] thr=6   paramiko.transport: [chan 4] Sesch channel 4 request ok
DEB [20161205-14:42:44.221] thr=6   paramiko.transport: [chan 4] EOF received (4)
DEB [20161205-14:42:44.221] thr=6   paramiko.transport: [chan 4] EOF sent (4)
DEB [20161205-14:42:45.014] thr=2   paramiko.transport: [chan 5] Max packet in: 32768 bytes
DEB [20161205-14:42:45.020] thr=6   paramiko.transport: [chan 5] Max packet out: 32768 bytes
DEB [20161205-14:42:45.020] thr=6   paramiko.transport: Secsh channel 5 opened.
DEB [20161205-14:42:45.027] thr=6   paramiko.transport: [chan 5] Sesch channel 5 request ok
DEB [20161205-14:42:45.028] thr=2   paramiko.transport: [chan 6] Max packet in: 32768 bytes
DEB [20161205-14:42:45.032] thr=6   paramiko.transport: [chan 6] Max packet out: 32768 bytes
DEB [20161205-14:42:45.033] thr=6   paramiko.transport: Secsh channel 6 opened.
DEB [20161205-14:42:45.052] thr=6   paramiko.transport: [chan 5] EOF sent (5)
DEB [20161205-14:42:45.052] thr=6   paramiko.transport: [chan 6] Sesch channel 6 request ok
DEB [20161205-14:42:45.053] thr=2   paramiko.transport: [chan 7] Max packet in: 32768 bytes
DEB [20161205-14:42:45.102] thr=6   paramiko.transport: [chan 7] Max packet out: 32768 bytes
DEB [20161205-14:42:45.102] thr=6   paramiko.transport: Secsh channel 7 opened.
DEB [20161205-14:42:45.134] thr=6   paramiko.transport: [chan 6] EOF sent (6)
DEB [20161205-14:42:45.135] thr=6   paramiko.transport: [chan 7] Sesch channel 7 request ok
DEB [20161205-14:42:45.135] thr=2   paramiko.transport: [chan 8] Max packet in: 32768 bytes
DEB [20161205-14:42:45.193] thr=6   paramiko.transport: [chan 8] Max packet out: 32768 bytes
DEB [20161205-14:42:45.193] thr=6   paramiko.transport: Secsh channel 8 opened.
DEB [20161205-14:42:45.210] thr=6   paramiko.transport: [chan 7] EOF sent (7)
DEB [20161205-14:42:45.211] thr=6   paramiko.transport: [chan 8] Sesch channel 8 request ok
DEB [20161205-14:42:45.212] thr=2   paramiko.transport: [chan 9] Max packet in: 32768 bytes
DEB [20161205-14:42:45.256] thr=6   paramiko.transport: [chan 9] Max packet out: 32768 bytes
DEB [20161205-14:42:45.256] thr=6   paramiko.transport: Secsh channel 9 opened.
DEB [20161205-14:42:45.293] thr=6   paramiko.transport: [chan 8] EOF sent (8)
DEB [20161205-14:42:45.294] thr=6   paramiko.transport: [chan 9] Sesch channel 9 request ok
DEB [20161205-14:42:45.394] thr=6   paramiko.transport: EOF in transport thread
DEB [20161205-14:42:45.419] thr=6   paramiko.transport: starting thread (client mode): 0x32e0550L
DEB [20161205-14:42:45.419] thr=6   paramiko.transport: Local version/idstring: SSH-2.0-paramiko_2.0.2
DEB [20161205-14:42:45.432] thr=6   paramiko.transport: Remote version/idstring: SSH-2.0-OpenSSH_6.6.1
INF [20161205-14:42:45.433] thr=6   paramiko.transport: Connected (version 2.0, client OpenSSH_6.6.1)
DEB [20161205-14:42:45.436] thr=6   paramiko.transport: kex algos:[u'curve25519-sha256@libssh.org', u'ecdh-sha2-nistp256', u'ecdh-sha2-nistp384', u'ecdh-sha2-nistp521', u'diffie-hellman-group-exchange-sha256', u'diffie-hellman-group-exchange-sha1', u'diffie-hellman-group14-sha1', u'diffie-hellman-group1-sha1'] server key:[u'ssh-rsa', u'ecdsa-sha2-nistp256', u'ssh-ed25519'] client encrypt:[u'aes128-ctr', u'aes192-ctr', u'aes256-ctr', u'arcfour256', u'arcfour128', u'aes128-gcm@openssh.com', u'aes256-gcm@openssh.com', u'chacha20-poly1305@openssh.com', u'aes128-cbc', u'3des-cbc', u'blowfish-cbc', u'cast128-cbc', u'aes192-cbc', u'aes256-cbc', u'arcfour', u'rijndael-cbc@lysator.liu.se'] server encrypt:[u'aes128-ctr', u'aes192-ctr', u'aes256-ctr', u'arcfour256', u'arcfour128', u'aes128-gcm@openssh.com', u'aes256-gcm@openssh.com', u'chacha20-poly1305@openssh.com', u'aes128-cbc', u'3des-cbc', u'blowfish-cbc', u'cast128-cbc', u'aes192-cbc', u'aes256-cbc', u'arcfour', u'rijndael-cbc@lysator.liu.se'] client mac:[u'hmac-md5-etm@openssh.com', u'hmac-sha1-etm@openssh.com', u'umac-64-etm@openssh.com', u'umac-128-etm@openssh.com', u'hmac-sha2-256-etm@openssh.com', u'hmac-sha2-512-etm@openssh.com', u'hmac-ripemd160-etm@openssh.com', u'hmac-sha1-96-etm@openssh.com', u'hmac-md5-96-etm@openssh.com', u'hmac-md5', u'hmac-sha1', u'umac-64@openssh.com', u'umac-128@openssh.com', u'hmac-sha2-256', u'hmac-sha2-512', u'hmac-ripemd160', u'hmac-ripemd160@openssh.com', u'hmac-sha1-96', u'hmac-md5-96'] server mac:[u'hmac-md5-etm@openssh.com', u'hmac-sha1-etm@openssh.com', u'umac-64-etm@openssh.com', u'umac-128-etm@openssh.com', u'hmac-sha2-256-etm@openssh.com', u'hmac-sha2-512-etm@openssh.com', u'hmac-ripemd160-etm@openssh.com', u'hmac-sha1-96-etm@openssh.com', u'hmac-md5-96-etm@openssh.com', u'hmac-md5', u'hmac-sha1', u'umac-64@openssh.com', u'umac-128@openssh.com', u'hmac-sha2-256', u'hmac-sha2-512', u'hmac-ripemd160', u'hmac-ripemd160@openssh.com', u'hmac-sha1-96', u'hmac-md5-96'] client compress:[u'none', u'zlib@openssh.com'] server compress:[u'none', u'zlib@openssh.com'] client lang:[u''] server lang:[u''] kex follows?False
DEB [20161205-14:42:45.436] thr=6   paramiko.transport: Kex agreed: diffie-hellman-group1-sha1
DEB [20161205-14:42:45.437] thr=6   paramiko.transport: Cipher agreed: aes128-ctr
DEB [20161205-14:42:45.437] thr=6   paramiko.transport: MAC agreed: hmac-sha2-256
DEB [20161205-14:42:45.437] thr=6   paramiko.transport: Compression agreed: none
DEB [20161205-14:42:45.491] thr=6   paramiko.transport: kex engine KexGroup1 specified hash_algo <built-in function openssl_sha1>
DEB [20161205-14:42:45.492] thr=6   paramiko.transport: Switch to new keys ...
DEB [20161205-14:42:45.520] thr=2   paramiko.transport: Adding ssh-rsa host key for 172.22.148.243: c7171264b30dc86f1046dab250c32502
DEB [20161205-14:42:45.522] thr=2   paramiko.transport: Trying discovered key dc18384c6fe2185f571203fb3e808615 in /Users/TianhangSun/.ssh/id_rsa
DEB [20161205-14:42:45.536] thr=6   paramiko.transport: userauth is OK
INF [20161205-14:42:45.584] thr=6   paramiko.transport: Authentication (publickey) successful!
DEB [20161205-14:42:45.591] thr=2   paramiko.transport: [chan 0] Max packet in: 32768 bytes
DEB [20161205-14:42:45.709] thr=6   paramiko.transport: [chan 0] Max packet out: 32768 bytes
DEB [20161205-14:42:45.710] thr=6   paramiko.transport: Secsh channel 0 opened.
DEB [20161205-14:42:45.730] thr=6   paramiko.transport: [chan 0] Sesch channel 0 request ok
DEB [20161205-14:42:45.730] thr=2   paramiko.transport: [chan 1] Max packet in: 32768 bytes
DEB [20161205-14:42:45.734] thr=6   paramiko.transport: [chan 1] Max packet out: 32768 bytes
DEB [20161205-14:42:45.734] thr=6   paramiko.transport: Secsh channel 1 opened.
DEB [20161205-14:42:45.741] thr=6   paramiko.transport: [chan 0] EOF sent (0)
DEB [20161205-14:42:45.741] thr=6   paramiko.transport: [chan 1] Sesch channel 1 request ok
DEB [20161205-14:42:45.742] thr=2   paramiko.transport: [chan 2] Max packet in: 32768 bytes
DEB [20161205-14:42:45.755] thr=6   paramiko.transport: [chan 1] EOF sent (1)
DEB [20161205-14:42:45.756] thr=6   paramiko.transport: Ignoring message for dead channel 0
DEB [20161205-14:42:45.756] thr=6   paramiko.transport: Ignoring message for dead channel 0
DEB [20161205-14:42:45.756] thr=6   paramiko.transport: Ignoring message for dead channel 0
DEB [20161205-14:42:45.757] thr=6   paramiko.transport: Ignoring message for dead channel 1
DEB [20161205-14:42:45.758] thr=6   paramiko.transport: Ignoring message for dead channel 1
DEB [20161205-14:42:45.758] thr=6   paramiko.transport: Ignoring message for dead channel 1
DEB [20161205-14:42:45.761] thr=6   paramiko.transport: [chan 2] Max packet out: 32768 bytes
DEB [20161205-14:42:45.761] thr=6   paramiko.transport: Secsh channel 2 opened.
DEB [20161205-14:42:45.804] thr=6   paramiko.transport: [chan 2] Sesch channel 2 request ok
DEB [20161205-14:42:46.883] thr=6   paramiko.transport: [chan 2] EOF received (2)
DEB [20161205-14:42:46.883] thr=6   paramiko.transport: [chan 2] EOF sent (2)
DEB [20161205-14:42:47.808] thr=2   paramiko.transport: [chan 3] Max packet in: 32768 bytes
DEB [20161205-14:42:47.811] thr=6   paramiko.transport: [chan 3] Max packet out: 32768 bytes
DEB [20161205-14:42:47.812] thr=6   paramiko.transport: Secsh channel 3 opened.
DEB [20161205-14:42:47.824] thr=6   paramiko.transport: [chan 3] Sesch channel 3 request ok
DEB [20161205-14:42:47.837] thr=6   paramiko.transport: [chan 3] EOF received (3)
DEB [20161205-14:42:47.837] thr=6   paramiko.transport: [chan 3] EOF sent (3)
DEB [20161205-14:42:49.826] thr=2   paramiko.transport: [chan 4] Max packet in: 32768 bytes
DEB [20161205-14:42:49.832] thr=6   paramiko.transport: [chan 4] Max packet out: 32768 bytes
DEB [20161205-14:42:49.832] thr=6   paramiko.transport: Secsh channel 4 opened.
DEB [20161205-14:42:49.839] thr=6   paramiko.transport: [chan 4] Sesch channel 4 request ok
DEB [20161205-14:42:50.878] thr=6   paramiko.transport: [chan 4] EOF received (4)
DEB [20161205-14:42:50.878] thr=6   paramiko.transport: [chan 4] EOF sent (4)
DEB [20161205-14:42:51.840] thr=2   paramiko.transport: [chan 5] Max packet in: 32768 bytes
DEB [20161205-14:42:51.847] thr=6   paramiko.transport: [chan 5] Max packet out: 32768 bytes
DEB [20161205-14:42:51.847] thr=6   paramiko.transport: Secsh channel 5 opened.
DEB [20161205-14:42:51.855] thr=6   paramiko.transport: [chan 5] Sesch channel 5 request ok
DEB [20161205-14:42:51.856] thr=2   paramiko.transport: [chan 6] Max packet in: 32768 bytes
DEB [20161205-14:42:51.871] thr=6   paramiko.transport: [chan 6] Max packet out: 32768 bytes
DEB [20161205-14:42:51.871] thr=6   paramiko.transport: Secsh channel 6 opened.
DEB [20161205-14:42:51.881] thr=6   paramiko.transport: [chan 5] EOF sent (5)
DEB [20161205-14:42:51.882] thr=6   paramiko.transport: [chan 6] Sesch channel 6 request ok
DEB [20161205-14:42:51.883] thr=2   paramiko.transport: [chan 7] Max packet in: 32768 bytes
DEB [20161205-14:42:51.932] thr=6   paramiko.transport: [chan 7] Max packet out: 32768 bytes
DEB [20161205-14:42:51.933] thr=6   paramiko.transport: Secsh channel 7 opened.
DEB [20161205-14:42:51.978] thr=6   paramiko.transport: [chan 6] EOF sent (6)
DEB [20161205-14:42:51.979] thr=6   paramiko.transport: [chan 7] Sesch channel 7 request ok
DEB [20161205-14:42:51.979] thr=2   paramiko.transport: [chan 8] Max packet in: 32768 bytes
DEB [20161205-14:42:52.030] thr=6   paramiko.transport: [chan 8] Max packet out: 32768 bytes
DEB [20161205-14:42:52.031] thr=6   paramiko.transport: Secsh channel 8 opened.
DEB [20161205-14:42:52.067] thr=6   paramiko.transport: [chan 7] EOF sent (7)
DEB [20161205-14:42:52.068] thr=6   paramiko.transport: [chan 8] Sesch channel 8 request ok
DEB [20161205-14:42:52.068] thr=2   paramiko.transport: [chan 9] Max packet in: 32768 bytes
DEB [20161205-14:42:52.123] thr=6   paramiko.transport: [chan 9] Max packet out: 32768 bytes
DEB [20161205-14:42:52.123] thr=6   paramiko.transport: Secsh channel 9 opened.
DEB [20161205-14:42:52.149] thr=6   paramiko.transport: [chan 8] EOF sent (8)
DEB [20161205-14:42:52.150] thr=6   paramiko.transport: [chan 9] Sesch channel 9 request ok
DEB [20161205-14:42:52.253] thr=6   paramiko.transport: EOF in transport thread
